#
# There is insufficient memory for the Java Runtime Environment to continue.
# Native memory allocation (mmap) failed to map 132120576 bytes for G1 virtual space
# Possible reasons:
#   The system is out of physical RAM or swap space
#   The process is running with CompressedOops enabled, and the Java Heap may be blocking the growth of the native heap
# Possible solutions:
#   Reduce memory load on the system
#   Increase physical memory or swap space
#   Check if swap backing store is full
#   Decrease Java heap size (-Xmx/-Xms)
#   Decrease number of Java threads
#   Decrease Java thread stack sizes (-Xss)
#   Set larger code cache with -XX:ReservedCodeCacheSize=
#   JVM is running with Unscaled Compressed Oops mode in which the Java heap is
#     placed in the first 4GB address space. The Java Heap base address is the
#     maximum limit for the native heap growth. Please use -XX:HeapBaseMinAddress
#     to set the Java Heap base and to place the Java Heap above 4GB virtual address.
# This output file may be truncated or incomplete.
#
#  Out of Memory Error (os_windows.cpp:3613), pid=25980, tid=16620
#
# JRE version:  (17.0.9+9) (build )
# Java VM: OpenJDK 64-Bit Server VM (17.0.9+9, mixed mode, sharing, tiered, compressed oops, compressed class ptrs, g1 gc, windows-amd64)
# No core dump will be written. Minidumps are not enabled by default on client versions of Windows
#

---------------  S U M M A R Y ------------

Command Line: -XX:+ShowCodeDetailsInExceptionMessages Login

Host: 11th Gen Intel(R) Core(TM) i5-1155G7 @ 2.50GHz, 8 cores, 7G,  Windows 11 , 64 bit Build 26100 (10.0.26100.3775)
Time: Sat Apr 19 00:16:16 2025 India Standard Time elapsed time: 1.281533 seconds (0d 0h 0m 1s)

---------------  T H R E A D  ---------------

Current thread (0x00000226231b7950):  JavaThread "Unknown thread" [_thread_in_vm, id=16620, stack(0x000000f76d800000,0x000000f76d900000)]

Stack: [0x000000f76d800000,0x000000f76d900000]
Native frames: (J=compiled Java code, j=interpreted, Vv=VM code, C=native code)
V  [jvm.dll+0x67cf49]
V  [jvm.dll+0x83478a]
V  [jvm.dll+0x83624e]
V  [jvm.dll+0x8368b3]
V  [jvm.dll+0x247f1f]
V  [jvm.dll+0x679d69]
V  [jvm.dll+0x66e6ba]
V  [jvm.dll+0x307e5b]
V  [jvm.dll+0x30f306]
V  [jvm.dll+0x35f0ce]
V  [jvm.dll+0x35f2ff]
V  [jvm.dll+0x2dea58]
V  [jvm.dll+0x2df9c4]
V  [jvm.dll+0x806031]
V  [jvm.dll+0x36cf31]
V  [jvm.dll+0x7e4aac]
V  [jvm.dll+0x3f07af]
V  [jvm.dll+0x3f23e1]
C  [jli.dll+0x528f]
C  [ucrtbase.dll+0x37b0]
C  [KERNEL32.DLL+0x2e8d7]
C  [ntdll.dll+0xb14fc]


---------------  P R O C E S S  ---------------

Threads class SMR info:
_java_thread_list=0x00007ff9d29dee98, length=0, elements={
}

Java Threads: ( => current thread )

Other Threads:
  0x0000022623215b10 GCTaskThread "GC Thread#0" [stack: 0x000000f76d900000,0x000000f76da00000] [id=28144]
  0x00000226232262b0 ConcurrentGCThread "G1 Main Marker" [stack: 0x000000f76da00000,0x000000f76db00000] [id=16744]
  0x0000022623226be0 ConcurrentGCThread "G1 Conc#0" [stack: 0x000000f76db00000,0x000000f76dc00000] [id=4592]

[error occurred during error reporting (printing all threads), id 0xc0000005, EXCEPTION_ACCESS_VIOLATION (0xc0000005) at pc=0x00007ff9d219f497]

VM state: not at safepoint (not fully initialized)

VM Mutex/Monitor currently owned by a thread:  ([mutex/lock_event])
[0x00000226231b6030] Heap_lock - owner thread: 0x00000226231b7950

Heap address: 0x0000000083600000, size: 1994 MB, Compressed Oops mode: 32-bit

CDS archive(s) mapped at: [0x0000000000000000-0x0000000000000000-0x0000000000000000), size 0, SharedBaseAddress: 0x0000000800000000, ArchiveRelocationMode: 1.
Narrow klass base: 0x0000000000000000, Narrow klass shift: 0, Narrow klass range: 0x0

GC Precious Log:
<Empty>

Heap:
 garbage-first heap   total 0K, used 0K [0x0000000083600000, 0x0000000100000000)
  region size 1024K, 0 young (0K), 0 survivors (0K)

[error occurred during error reporting (printing heap information), id 0xc0000005, EXCEPTION_ACCESS_VIOLATION (0xc0000005) at pc=0x00007ff9d2586c79]

GC Heap History (0 events):
No events

Dll operation events (1 events):
Event: 0.011 Loaded shared library C:\Users\Ananya Thakur\AppData\Local\Programs\Eclipse Adoptium\jdk-17.0.9.9-hotspot\bin\java.dll

Deoptimization events (0 events):
No events

Classes unloaded (0 events):
No events

Classes redefined (0 events):
No events

Internal exceptions (0 events):
No events

VM Operations (0 events):
No events

Events (0 events):
No events


Dynamic libraries:
0x00007ff7394b0000 - 0x00007ff7394be000 	C:\Users\Ananya Thakur\AppData\Local\Programs\Eclipse Adoptium\jdk-17.0.9.9-hotspot\bin\java.exe
0x00007ffa811c0000 - 0x00007ffa81420000 	C:\WINDOWS\SYSTEM32\ntdll.dll
0x00007ffa80280000 - 0x00007ffa80347000 	C:\WINDOWS\System32\KERNEL32.DLL
0x00007ffa7e900000 - 0x00007ffa7ecca000 	C:\WINDOWS\System32\KERNELBASE.dll
0x00007ffa7ed00000 - 0x00007ffa7ee4b000 	C:\WINDOWS\System32\ucrtbase.dll
0x00007ffa683c0000 - 0x00007ffa683db000 	C:\Users\Ananya Thakur\AppData\Local\Programs\Eclipse Adoptium\jdk-17.0.9.9-hotspot\bin\VCRUNTIME140.dll
0x00007ffa69f80000 - 0x00007ffa69f97000 	C:\Users\Ananya Thakur\AppData\Local\Programs\Eclipse Adoptium\jdk-17.0.9.9-hotspot\bin\jli.dll
0x00007ffa80f40000 - 0x00007ffa8110c000 	C:\WINDOWS\System32\USER32.dll
0x00007ffa7ecd0000 - 0x00007ffa7ecf7000 	C:\WINDOWS\System32\win32u.dll
0x00007ffa67d70000 - 0x00007ffa68007000 	C:\WINDOWS\WinSxS\amd64_microsoft.windows.common-controls_6595b64144ccf1df_6.0.26100.3624_none_3e086962e3345f24\COMCTL32.dll
0x00007ffa7ff30000 - 0x00007ffa7ff5a000 	C:\WINDOWS\System32\GDI32.dll
0x00007ffa7f1a0000 - 0x00007ffa7f249000 	C:\WINDOWS\System32\msvcrt.dll
0x00007ffa7e3a0000 - 0x00007ffa7e4d1000 	C:\WINDOWS\System32\gdi32full.dll
0x00007ffa7ee50000 - 0x00007ffa7eef3000 	C:\WINDOWS\System32\msvcp_win.dll
0x00007ffa81110000 - 0x00007ffa8113f000 	C:\WINDOWS\System32\IMM32.DLL
0x00007ffa7ae40000 - 0x00007ffa7ae4c000 	C:\Users\Ananya Thakur\AppData\Local\Programs\Eclipse Adoptium\jdk-17.0.9.9-hotspot\bin\vcruntime140_1.dll
0x00007ffa4ac20000 - 0x00007ffa4acad000 	C:\Users\Ananya Thakur\AppData\Local\Programs\Eclipse Adoptium\jdk-17.0.9.9-hotspot\bin\msvcp140.dll
0x00007ff9d1eb0000 - 0x00007ff9d2b11000 	C:\Users\Ananya Thakur\AppData\Local\Programs\Eclipse Adoptium\jdk-17.0.9.9-hotspot\bin\server\jvm.dll
0x00007ffa80e60000 - 0x00007ffa80f12000 	C:\WINDOWS\System32\ADVAPI32.dll
0x00007ffa80060000 - 0x00007ffa80106000 	C:\WINDOWS\System32\sechost.dll
0x00007ffa80350000 - 0x00007ffa80466000 	C:\WINDOWS\System32\RPCRT4.dll
0x00007ffa7e1f0000 - 0x00007ffa7e24e000 	C:\WINDOWS\SYSTEM32\POWRPROF.dll
0x00007ffa74e10000 - 0x00007ffa74e46000 	C:\WINDOWS\SYSTEM32\WINMM.dll
0x00007ffa7ae50000 - 0x00007ffa7ae5a000 	C:\WINDOWS\SYSTEM32\WSOCK32.dll
0x00007ffa747d0000 - 0x00007ffa747db000 	C:\WINDOWS\SYSTEM32\VERSION.dll
0x00007ffa80540000 - 0x00007ffa805b4000 	C:\WINDOWS\System32\WS2_32.dll
0x00007ffa7e1d0000 - 0x00007ffa7e1e4000 	C:\WINDOWS\SYSTEM32\UMPDC.dll
0x00007ffa7d1b0000 - 0x00007ffa7d1ca000 	C:\WINDOWS\SYSTEM32\kernel.appcore.dll
0x00007ffa6a1c0000 - 0x00007ffa6a1ca000 	C:\Users\Ananya Thakur\AppData\Local\Programs\Eclipse Adoptium\jdk-17.0.9.9-hotspot\bin\jimage.dll
0x00007ffa7ba10000 - 0x00007ffa7bc51000 	C:\WINDOWS\SYSTEM32\DBGHELP.DLL
0x00007ffa80640000 - 0x00007ffa809c2000 	C:\WINDOWS\System32\combase.dll
0x00007ffa80110000 - 0x00007ffa801e6000 	C:\WINDOWS\System32\OLEAUT32.dll
0x00007ffa61bd0000 - 0x00007ffa61c09000 	C:\WINDOWS\SYSTEM32\dbgcore.DLL
0x00007ffa7e860000 - 0x00007ffa7e8f9000 	C:\WINDOWS\System32\bcryptPrimitives.dll
0x00007ffa456b0000 - 0x00007ffa456d5000 	C:\Users\Ananya Thakur\AppData\Local\Programs\Eclipse Adoptium\jdk-17.0.9.9-hotspot\bin\java.dll

dbghelp: loaded successfully - version: 4.0.5 - missing functions: none
symbol engine: initialized successfully - sym options: 0x614 - pdb path: .;C:\Users\Ananya Thakur\AppData\Local\Programs\Eclipse Adoptium\jdk-17.0.9.9-hotspot\bin;C:\WINDOWS\SYSTEM32;C:\WINDOWS\WinSxS\amd64_microsoft.windows.common-controls_6595b64144ccf1df_6.0.26100.3624_none_3e086962e3345f24;C:\Users\Ananya Thakur\AppData\Local\Programs\Eclipse Adoptium\jdk-17.0.9.9-hotspot\bin\server

VM Arguments:
jvm_args: -XX:+ShowCodeDetailsInExceptionMessages 
java_command: Login
java_class_path (initial): C:\Users\Ananya Thakur\AppData\Roaming\Code\User\workspaceStorage\c93637884f41539a95fee77274f7d37f\redhat.java\jdt_ws\java_project_f55ffd09\bin
Launcher Type: SUN_STANDARD

[Global flags]
     intx CICompilerCount                          = 4                                         {product} {ergonomic}
     uint ConcGCThreads                            = 2                                         {product} {ergonomic}
     uint G1ConcRefinementThreads                  = 8                                         {product} {ergonomic}
   size_t G1HeapRegionSize                         = 1048576                                   {product} {ergonomic}
    uintx GCDrainStackTargetSize                   = 64                                        {product} {ergonomic}
   size_t InitialHeapSize                          = 132120576                                 {product} {ergonomic}
   size_t MarkStackSize                            = 4194304                                   {product} {ergonomic}
   size_t MaxHeapSize                              = 2090860544                                {product} {ergonomic}
   size_t MinHeapDeltaBytes                        = 1048576                                   {product} {ergonomic}
   size_t MinHeapSize                              = 8388608                                   {product} {ergonomic}
    uintx NonNMethodCodeHeapSize                   = 5839372                                {pd product} {ergonomic}
    uintx NonProfiledCodeHeapSize                  = 122909434                              {pd product} {ergonomic}
    uintx ProfiledCodeHeapSize                     = 122909434                              {pd product} {ergonomic}
    uintx ReservedCodeCacheSize                    = 251658240                              {pd product} {ergonomic}
     bool SegmentedCodeCache                       = true                                      {product} {ergonomic}
     bool ShowCodeDetailsInExceptionMessages       = true                                   {manageable} {command line}
   size_t SoftMaxHeapSize                          = 2090860544                             {manageable} {ergonomic}
     bool UseCompressedClassPointers               = true                           {product lp64_product} {ergonomic}
     bool UseCompressedOops                        = true                           {product lp64_product} {ergonomic}
     bool UseG1GC                                  = true                                      {product} {ergonomic}
     bool UseLargePagesIndividualAllocation        = false                                  {pd product} {ergonomic}

Logging:
Log output configuration:
 #0: stdout all=warning uptime,level,tags
 #1: stderr all=off uptime,level,tags

Environment Variables:
JAVA_HOME=C:\Users\Ananya Thakur\AppData\Local\Programs\Eclipse Adoptium\jdk-17.0.9.9-hotspot\
PATH=C:\Program Files\Common Files\Oracle\Java\javapath;C:\WINDOWS\system32;C:\WINDOWS;C:\WINDOWS\System32\Wbem;C:\WINDOWS\System32\WindowsPowerShell\v1.0\;C:\WINDOWS\System32\OpenSSH\;C:\Program Files\MySQL\MySQL Server 8.0\bin;C:\Program Files\Java\jdk1.8.0_202\bin;C:\Program Files\Java\jdk1.8.0_202\bin;C:\Program Files\MySQL\MySQL Shell 8.0\bin\;C:\Users\Ananya Thakur\AppData\Local\Programs\Eclipse Adoptium\jdk-17.0.9.9-hotspot\bin;C:\Users\Ananya Thakur\AppData\Local\Programs\Python\Python312\Scripts\;C:\Users\Ananya Thakur\AppData\Local\Programs\Python\Python312\;C:\Users\Ananya Thakur\AppData\Local\Microsoft\WindowsApps;C:\MinGW\bin;C:\Users\Ananya Thakur\AppData\Local\Programs\Microsoft VS Code\bin
USERNAME=Ananya Thakur
LANG=en_US.UTF-8
OS=Windows_NT
PROCESSOR_IDENTIFIER=Intel64 Family 6 Model 140 Stepping 2, GenuineIntel
TMP=C:\Users\ANANYA~1\AppData\Local\Temp
TEMP=C:\Users\ANANYA~1\AppData\Local\Temp



Periodic native trim disabled


---------------  S Y S T E M  ---------------

OS:
 Windows 11 , 64 bit Build 26100 (10.0.26100.3775)
OS uptime: 0 days 3:51 hours
Hyper-V role detected

CPU: total 8 (initial active 8) (4 cores per cpu, 2 threads per core) family 6 model 140 stepping 2 microcode 0x26, cx8, cmov, fxsr, ht, mmx, 3dnowpref, sse, sse2, sse3, ssse3, sse4.1, sse4.2, popcnt, lzcnt, tsc, tscinvbit, avx, avx2, aes, erms, clmul, bmi1, bmi2, adx, avx512f, avx512dq, avx512cd, avx512bw, avx512vl, sha, fma, vzeroupper, avx512_vpopcntdq, avx512_vpclmulqdq, avx512_vaes, avx512_vnni, clflush, clflushopt, clwb, avx512_vbmi2, avx512_vbmi, hv
Processor Information for processor 0
  Max Mhz: 2496, Current Mhz: 2496, Mhz Limit: 2496
Processor Information for processor 1
  Max Mhz: 2496, Current Mhz: 2496, Mhz Limit: 2496
Processor Information for processor 2
  Max Mhz: 2496, Current Mhz: 2496, Mhz Limit: 2496
Processor Information for processor 3
  Max Mhz: 2496, Current Mhz: 2496, Mhz Limit: 2496
Processor Information for processor 4
  Max Mhz: 2496, Current Mhz: 2496, Mhz Limit: 2496
Processor Information for processor 5
  Max Mhz: 2496, Current Mhz: 2496, Mhz Limit: 2496
Processor Information for processor 6
  Max Mhz: 2496, Current Mhz: 998, Mhz Limit: 2496
Processor Information for processor 7
  Max Mhz: 2496, Current Mhz: 2496, Mhz Limit: 2496

Memory: 4k page, system-wide physical 7975M (582M free)
TotalPageFile size 27175M (AvailPageFile size 73M)
current process WorkingSet (physical memory assigned to process): 12M, peak: 12M
current process commit charge ("private bytes"): 60M, peak: 186M

vm_info: OpenJDK 64-Bit Server VM (17.0.9+9) for windows-amd64 JRE (17.0.9+9), built on Oct 26 2023 14:01:42 by "admin" with MS VC++ 16.10 / 16.11 (VS2019)

END.
