#
# There is insufficient memory for the Java Runtime Environment to continue.
# Native memory allocation (malloc) failed to allocate 232176 bytes. Error detail: Chunk::new
# Possible reasons:
#   The system is out of physical RAM or swap space
#   This process is running with CompressedOops enabled, and the Java Heap may be blocking the growth of the native heap
# Possible solutions:
#   Reduce memory load on the system
#   Increase physical memory or swap space
#   Check if swap backing store is full
#   Decrease Java heap size (-Xmx/-Xms)
#   Decrease number of Java threads
#   Decrease Java thread stack sizes (-Xss)
#   Set larger code cache with -XX:ReservedCodeCacheSize=
#   JVM is running with Unscaled Compressed Oops mode in which the Java heap is
#     placed in the first 4GB address space. The Java Heap base address is the
#     maximum limit for the native heap growth. Please use -XX:HeapBaseMinAddress
#     to set the Java Heap base and to place the Java Heap above 4GB virtual address.
# This output file may be truncated or incomplete.
#
#  Out of Memory Error (arena.cpp:168), pid=30424, tid=9372
#
# JRE version: OpenJDK Runtime Environment Temurin-21.0.6+7 (21.0.6+7) (build 21.0.6+7-LTS)
# Java VM: OpenJDK 64-Bit Server VM Temurin-21.0.6+7 (21.0.6+7-LTS, mixed mode, sharing, tiered, compressed oops, compressed class ptrs, parallel gc, windows-amd64)
# No core dump will be written. Minidumps are not enabled by default on client versions of Windows
#

---------------  S U M M A R Y ------------

Command Line: --add-modules=ALL-SYSTEM --add-opens=java.base/java.util=ALL-UNNAMED --add-opens=java.base/java.lang=ALL-UNNAMED --add-opens=java.base/sun.nio.fs=ALL-UNNAMED -Declipse.application=org.eclipse.jdt.ls.core.id1 -Dosgi.bundles.defaultStartLevel=4 -Declipse.product=org.eclipse.jdt.ls.core.product -Djava.import.generatesMetadataFilesAtProjectRoot=false -DDetectVMInstallationsJob.disabled=true -Dfile.encoding=utf8 -XX:+UseParallelGC -XX:GCTimeRatio=4 -XX:AdaptiveSizePolicyWeight=90 -Dsun.zip.disableMemoryMapping=true -Xmx1G -Xms100m -Xlog:disable -javaagent:c:\Users\Ananya Thakur\.vscode\extensions\redhat.java-1.41.1-win32-x64\lombok\lombok-1.18.36.jar -XX:+HeapDumpOnOutOfMemoryError -XX:HeapDumpPath=c:\Users\Ananya Thakur\AppData\Roaming\Code\User\workspaceStorage\c93637884f41539a95fee77274f7d37f\redhat.java -Daether.dependencyCollector.impl=bf c:\Users\Ananya Thakur\.vscode\extensions\redhat.java-1.41.1-win32-x64\server\plugins\org.eclipse.equinox.launcher_1.7.0.v20250331-1702.jar -configuration c:\Users\Ananya Thakur\AppData\Roaming\Code\User\globalStorage\redhat.java\1.41.1\config_win -data c:\Users\Ananya Thakur\AppData\Roaming\Code\User\workspaceStorage\c93637884f41539a95fee77274f7d37f\redhat.java\jdt_ws --pipe=\\.\pipe\lsp-3ee411a5ebfcc6138a4d2195321cc027-sock

Host: 11th Gen Intel(R) Core(TM) i5-1155G7 @ 2.50GHz, 8 cores, 7G,  Windows 11 , 64 bit Build 26100 (10.0.26100.3775)
Time: Sun Apr 20 17:35:57 2025 India Standard Time elapsed time: 50.353552 seconds (0d 0h 0m 50s)

---------------  T H R E A D  ---------------

Current thread (0x00000230eb06bc00):  JavaThread "C2 CompilerThread0" daemon [_thread_in_native, id=9372, stack(0x000000b4bab00000,0x000000b4bac00000) (1024K)]


Current CompileTask:
C2:50353 11716 %     4       java.net.URI::decode @ 82 (376 bytes)

Stack: [0x000000b4bab00000,0x000000b4bac00000]
Native frames: (J=compiled Java code, j=interpreted, Vv=VM code, C=native code)
V  [jvm.dll+0x6cdee9]
V  [jvm.dll+0x8a83d1]
V  [jvm.dll+0x8aa8fe]
V  [jvm.dll+0x8aafe3]
V  [jvm.dll+0x27f706]
V  [jvm.dll+0xc500d]
V  [jvm.dll+0xc5543]
V  [jvm.dll+0x2f2acd]
V  [jvm.dll+0x5f6a2a]
V  [jvm.dll+0x250bb2]
V  [jvm.dll+0x250f6f]
V  [jvm.dll+0x249834]
V  [jvm.dll+0x246ec4]
V  [jvm.dll+0x1c75ee]
V  [jvm.dll+0x25685a]
V  [jvm.dll+0x254dfa]
V  [jvm.dll+0x3f0256]
V  [jvm.dll+0x851f8b]
V  [jvm.dll+0x6cc5ed]
C  [ucrtbase.dll+0x37b0]
C  [KERNEL32.DLL+0x2e8d7]
C  [ntdll.dll+0xb14fc]


---------------  P R O C E S S  ---------------

Threads class SMR info:
_java_thread_list=0x00000230f58912d0, length=67, elements={
0x00000230d6c9adf0, 0x00000230eb04d270, 0x00000230eb051140, 0x00000230eb05b2d0,
0x00000230eb05b960, 0x00000230eb05d3a0, 0x00000230eb05bff0, 0x00000230eb06bc00,
0x00000230eb08a960, 0x00000230eb05c680, 0x00000230eb05cd10, 0x00000230eb059f20,
0x00000230eb05a5b0, 0x00000230eb05ac40, 0x00000230f18ddf00, 0x00000230f18de590,
0x00000230f18db7a0, 0x00000230f18dec20, 0x00000230f18dbe30, 0x00000230f18dcb50,
0x00000230f18df940, 0x00000230f18dd870, 0x00000230f18dd1e0, 0x00000230f18dc4c0,
0x00000230f18e0660, 0x00000230f18e1380, 0x00000230f18dffd0, 0x00000230f18e1a10,
0x00000230f18e0cf0, 0x00000230f18e20a0, 0x00000230f18e2730, 0x00000230f18e2dc0,
0x00000230f2c8e5d0, 0x00000230f2c8d220, 0x00000230f2c8d8b0, 0x00000230f2c8df40,
0x00000230f2c8b150, 0x00000230f2c8b7e0, 0x00000230f2c8f980, 0x00000230f2c90010,
0x00000230f2c8cb90, 0x00000230f2c920e0, 0x00000230f2c92770, 0x00000230f2c906a0,
0x00000230f2c90d30, 0x00000230f2c913c0, 0x00000230f2c91a50, 0x00000230f18df2b0,
0x00000230f314a0c0, 0x00000230f314a750, 0x00000230f3147ff0, 0x00000230f31493a0,
0x00000230f314bb00, 0x00000230f314b470, 0x00000230f3148680, 0x00000230f314c820,
0x00000230f314ceb0, 0x00000230f3149a30, 0x00000230f314d540, 0x00000230f314e260,
0x00000230f314f610, 0x00000230f314ef80, 0x00000230f2de6380, 0x00000230f2de5660,
0x00000230f2de5cf0, 0x00000230f5dc0350, 0x00000230fdf7a800
}

Java Threads: ( => current thread )
  0x00000230d6c9adf0 JavaThread "main"                              [_thread_blocked, id=15924, stack(0x000000b4ba100000,0x000000b4ba200000) (1024K)]
  0x00000230eb04d270 JavaThread "Reference Handler"          daemon [_thread_blocked, id=20088, stack(0x000000b4ba500000,0x000000b4ba600000) (1024K)]
  0x00000230eb051140 JavaThread "Finalizer"                  daemon [_thread_blocked, id=29040, stack(0x000000b4ba600000,0x000000b4ba700000) (1024K)]
  0x00000230eb05b2d0 JavaThread "Signal Dispatcher"          daemon [_thread_blocked, id=12700, stack(0x000000b4ba700000,0x000000b4ba800000) (1024K)]
  0x00000230eb05b960 JavaThread "Attach Listener"            daemon [_thread_blocked, id=29908, stack(0x000000b4ba800000,0x000000b4ba900000) (1024K)]
  0x00000230eb05d3a0 JavaThread "Service Thread"             daemon [_thread_blocked, id=24504, stack(0x000000b4ba900000,0x000000b4baa00000) (1024K)]
  0x00000230eb05bff0 JavaThread "Monitor Deflation Thread"   daemon [_thread_blocked, id=17284, stack(0x000000b4baa00000,0x000000b4bab00000) (1024K)]
=>0x00000230eb06bc00 JavaThread "C2 CompilerThread0"         daemon [_thread_in_native, id=9372, stack(0x000000b4bab00000,0x000000b4bac00000) (1024K)]
  0x00000230eb08a960 JavaThread "C1 CompilerThread0"         daemon [_thread_in_vm, id=17644, stack(0x000000b4bac00000,0x000000b4bad00000) (1024K)]
  0x00000230eb05c680 JavaThread "Common-Cleaner"             daemon [_thread_blocked, id=30336, stack(0x000000b4bad00000,0x000000b4bae00000) (1024K)]
  0x00000230eb05cd10 JavaThread "Notification Thread"        daemon [_thread_blocked, id=30276, stack(0x000000b4baf00000,0x000000b4bb000000) (1024K)]
  0x00000230eb059f20 JavaThread "Active Thread: Equinox Container: 258fded1-a14f-474b-952a-657f1559a1a9"        [_thread_blocked, id=12748, stack(0x000000b4bb700000,0x000000b4bb800000) (1024K)]
  0x00000230eb05a5b0 JavaThread "Refresh Thread: Equinox Container: 258fded1-a14f-474b-952a-657f1559a1a9" daemon [_thread_blocked, id=21260, stack(0x000000b4bb800000,0x000000b4bb900000) (1024K)]
  0x00000230eb05ac40 JavaThread "Framework Event Dispatcher: Equinox Container: 258fded1-a14f-474b-952a-657f1559a1a9" daemon [_thread_blocked, id=30636, stack(0x000000b4bba00000,0x000000b4bbb00000) (1024K)]
  0x00000230f18ddf00 JavaThread "Start Level: Equinox Container: 258fded1-a14f-474b-952a-657f1559a1a9" daemon [_thread_blocked, id=7744, stack(0x000000b4bbb00000,0x000000b4bbc00000) (1024K)]
  0x00000230f18de590 JavaThread "Bundle File Closer"         daemon [_thread_blocked, id=20112, stack(0x000000b4bbc00000,0x000000b4bbd00000) (1024K)]
  0x00000230f18db7a0 JavaThread "SCR Component Actor"        daemon [_thread_blocked, id=4536, stack(0x000000b4bb000000,0x000000b4bb100000) (1024K)]
  0x00000230f18dec20 JavaThread "Worker-JM"                         [_thread_blocked, id=30348, stack(0x000000b4bbe00000,0x000000b4bbf00000) (1024K)]
  0x00000230f18dbe30 JavaThread "JNA Cleaner"                daemon [_thread_blocked, id=2588, stack(0x000000b4bae00000,0x000000b4baf00000) (1024K)]
  0x00000230f18dcb50 JavaThread "Worker-0: Publish Diagnostics"        [_thread_in_vm, id=15636, stack(0x000000b4bbf00000,0x000000b4bc000000) (1024K)]
  0x00000230f18df940 JavaThread "Worker-1"                          [_thread_blocked, id=26304, stack(0x000000b4bc000000,0x000000b4bc100000) (1024K)]
  0x00000230f18dd870 JavaThread "Java indexing"              daemon [_thread_blocked, id=2100, stack(0x000000b4bc200000,0x000000b4bc300000) (1024K)]
  0x00000230f18dd1e0 JavaThread "Worker-2"                          [_thread_blocked, id=12104, stack(0x000000b4bc500000,0x000000b4bc600000) (1024K)]
  0x00000230f18dc4c0 JavaThread "Worker-3"                          [_thread_blocked, id=30428, stack(0x000000b4bc600000,0x000000b4bc700000) (1024K)]
  0x00000230f18e0660 JavaThread "Worker-4"                          [_thread_blocked, id=30628, stack(0x000000b4bc700000,0x000000b4bc800000) (1024K)]
  0x00000230f18e1380 JavaThread "Worker-5"                          [_thread_blocked, id=10660, stack(0x000000b4bc800000,0x000000b4bc900000) (1024K)]
  0x00000230f18dffd0 JavaThread "Thread-2"                   daemon [_thread_in_native, id=24704, stack(0x000000b4bc900000,0x000000b4bca00000) (1024K)]
  0x00000230f18e1a10 JavaThread "Thread-3"                   daemon [_thread_in_native, id=3600, stack(0x000000b4bca00000,0x000000b4bcb00000) (1024K)]
  0x00000230f18e0cf0 JavaThread "Thread-4"                   daemon [_thread_in_native, id=11020, stack(0x000000b4bcb00000,0x000000b4bcc00000) (1024K)]
  0x00000230f18e20a0 JavaThread "Thread-5"                   daemon [_thread_in_native, id=5264, stack(0x000000b4bcc00000,0x000000b4bcd00000) (1024K)]
  0x00000230f18e2730 JavaThread "Thread-6"                   daemon [_thread_in_native, id=30244, stack(0x000000b4bcd00000,0x000000b4bce00000) (1024K)]
  0x00000230f18e2dc0 JavaThread "Thread-7"                   daemon [_thread_in_native, id=30088, stack(0x000000b4bce00000,0x000000b4bcf00000) (1024K)]
  0x00000230f2c8e5d0 JavaThread "Thread-8"                   daemon [_thread_in_native, id=30004, stack(0x000000b4bcf00000,0x000000b4bd000000) (1024K)]
  0x00000230f2c8d220 JavaThread "Thread-9"                   daemon [_thread_in_native, id=23248, stack(0x000000b4bd000000,0x000000b4bd100000) (1024K)]
  0x00000230f2c8d8b0 JavaThread "Thread-10"                  daemon [_thread_in_native, id=30148, stack(0x000000b4bd100000,0x000000b4bd200000) (1024K)]
  0x00000230f2c8df40 JavaThread "pool-2-thread-1"                   [_thread_blocked, id=29916, stack(0x000000b4bd200000,0x000000b4bd300000) (1024K)]
  0x00000230f2c8b150 JavaThread "WorkspaceEventsHandler"            [_thread_blocked, id=4804, stack(0x000000b4bd300000,0x000000b4bd400000) (1024K)]
  0x00000230f2c8b7e0 JavaThread "pool-1-thread-1"                   [_thread_blocked, id=29888, stack(0x000000b4bd400000,0x000000b4bd500000) (1024K)]
  0x00000230f2c8f980 JavaThread "LocalFile Deleter"          daemon [_thread_blocked, id=10948, stack(0x000000b4bd500000,0x000000b4bd600000) (1024K)]
  0x00000230f2c90010 JavaThread "Compiler Source File Reader" daemon [_thread_blocked, id=23588, stack(0x000000b4bd600000,0x000000b4bd700000) (1024K)]
  0x00000230f2c8cb90 JavaThread "Compiler Source File Reader" daemon [_thread_blocked, id=13164, stack(0x000000b4bd700000,0x000000b4bd800000) (1024K)]
  0x00000230f2c920e0 JavaThread "Compiler Source File Reader" daemon [_thread_blocked, id=14556, stack(0x000000b4bd800000,0x000000b4bd900000) (1024K)]
  0x00000230f2c92770 JavaThread "Compiler Source File Reader" daemon [_thread_blocked, id=23648, stack(0x000000b4bd900000,0x000000b4bda00000) (1024K)]
  0x00000230f2c906a0 JavaThread "Compiler Source File Reader" daemon [_thread_blocked, id=2084, stack(0x000000b4bda00000,0x000000b4bdb00000) (1024K)]
  0x00000230f2c90d30 JavaThread "Compiler Source File Reader" daemon [_thread_blocked, id=25924, stack(0x000000b4bdb00000,0x000000b4bdc00000) (1024K)]
  0x00000230f2c913c0 JavaThread "Compiler Processing Task"   daemon [_thread_blocked, id=25840, stack(0x000000b4bbd00000,0x000000b4bbe00000) (1024K)]
  0x00000230f2c91a50 JavaThread "Compiler Class File Writer" daemon [_thread_blocked, id=20876, stack(0x000000b4bdc00000,0x000000b4bdd00000) (1024K)]
  0x00000230f18df2b0 JavaThread "Compiler Class File Writer" daemon [_thread_blocked, id=14316, stack(0x000000b4bdd00000,0x000000b4bde00000) (1024K)]
  0x00000230f314a0c0 JavaThread "Compiler Class File Writer" daemon [_thread_blocked, id=14480, stack(0x000000b4bde00000,0x000000b4bdf00000) (1024K)]
  0x00000230f314a750 JavaThread "Compiler Class File Writer" daemon [_thread_blocked, id=30228, stack(0x000000b4bdf00000,0x000000b4be000000) (1024K)]
  0x00000230f3147ff0 JavaThread "Compiler Class File Writer" daemon [_thread_blocked, id=27856, stack(0x000000b4be000000,0x000000b4be100000) (1024K)]
  0x00000230f31493a0 JavaThread "Compiler Class File Writer" daemon [_thread_blocked, id=28028, stack(0x000000b4be100000,0x000000b4be200000) (1024K)]
  0x00000230f314bb00 JavaThread "ForkJoinPool.commonPool-worker-1" daemon [_thread_blocked, id=30472, stack(0x000000b4be200000,0x000000b4be300000) (1024K)]
  0x00000230f314b470 JavaThread "ForkJoinPool.commonPool-worker-2" daemon [_thread_blocked, id=21828, stack(0x000000b4be300000,0x000000b4be400000) (1024K)]
  0x00000230f3148680 JavaThread "ForkJoinPool.commonPool-worker-3" daemon [_thread_blocked, id=22584, stack(0x000000b4be400000,0x000000b4be500000) (1024K)]
  0x00000230f314c820 JavaThread "ForkJoinPool.commonPool-worker-4" daemon [_thread_blocked, id=21660, stack(0x000000b4bc100000,0x000000b4bc200000) (1024K)]
  0x00000230f314ceb0 JavaThread "ForkJoinPool.commonPool-worker-5" daemon [_thread_blocked, id=27092, stack(0x000000b4be500000,0x000000b4be600000) (1024K)]
  0x00000230f3149a30 JavaThread "ForkJoinPool.commonPool-worker-6" daemon [_thread_in_Java, id=8828, stack(0x000000b4be600000,0x000000b4be700000) (1024K)]
  0x00000230f314d540 JavaThread "ForkJoinPool.commonPool-worker-7" daemon [_thread_blocked, id=1720, stack(0x000000b4be700000,0x000000b4be800000) (1024K)]
  0x00000230f314e260 JavaThread "Cleaner-0"                  daemon [_thread_blocked, id=10508, stack(0x000000b4bea00000,0x000000b4beb00000) (1024K)]
  0x00000230f314f610 JavaThread "Java Debug Server"          daemon [_thread_in_native, id=10036, stack(0x000000b4be900000,0x000000b4bea00000) (1024K)]
  0x00000230f314ef80 JavaThread "pool-3-thread-1"                   [_thread_blocked, id=15828, stack(0x000000b4beb00000,0x000000b4bec00000) (1024K)]
  0x00000230f2de6380 JavaThread "RxSchedulerPurge-1"         daemon [_thread_blocked, id=5776, stack(0x000000b4bec00000,0x000000b4bed00000) (1024K)]
  0x00000230f2de5660 JavaThread "RxCachedWorkerPoolEvictor-1" daemon [_thread_blocked, id=15512, stack(0x000000b4bed00000,0x000000b4bee00000) (1024K)]
  0x00000230f2de5cf0 JavaThread "process reaper"             daemon [_thread_blocked, id=6040, stack(0x000000b4b9b40000,0x000000b4b9b60000) (128K)]
  0x00000230f5dc0350 JavaThread "C2 CompilerThread1"         daemon [_thread_in_native, id=9080, stack(0x000000b4b9e00000,0x000000b4b9f00000) (1024K)]
  0x00000230fdf7a800 JavaThread "C2 CompilerThread2"         daemon [_thread_in_native, id=23532, stack(0x000000b4be800000,0x000000b4be900000) (1024K)]
Total: 67

Other Threads:
  0x00000230d6d5d170 VMThread "VM Thread"                           [id=28776, stack(0x000000b4ba400000,0x000000b4ba500000) (1024K)]
  0x00000230d6d09680 WatcherThread "VM Periodic Task Thread"        [id=8496, stack(0x000000b4ba300000,0x000000b4ba400000) (1024K)]
  0x00000230d6cb8b20 WorkerThread "GC Thread#0"                     [id=18156, stack(0x000000b4ba200000,0x000000b4ba300000) (1024K)]
  0x00000230f1184d80 WorkerThread "GC Thread#1"                     [id=14052, stack(0x000000b4bb100000,0x000000b4bb200000) (1024K)]
  0x00000230f1183f00 WorkerThread "GC Thread#2"                     [id=20420, stack(0x000000b4bb200000,0x000000b4bb300000) (1024K)]
  0x00000230f1185120 WorkerThread "GC Thread#3"                     [id=1844, stack(0x000000b4bb300000,0x000000b4bb400000) (1024K)]
  0x00000230f1184640 WorkerThread "GC Thread#4"                     [id=12232, stack(0x000000b4bb400000,0x000000b4bb500000) (1024K)]
  0x00000230f11854c0 WorkerThread "GC Thread#5"                     [id=29064, stack(0x000000b4bb500000,0x000000b4bb600000) (1024K)]
  0x00000230f1183b60 WorkerThread "GC Thread#6"                     [id=10752, stack(0x000000b4bb600000,0x000000b4bb700000) (1024K)]
  0x00000230f11849e0 WorkerThread "GC Thread#7"                     [id=6472, stack(0x000000b4bb900000,0x000000b4bba00000) (1024K)]
Total: 10

Threads with active compile tasks:
C2 CompilerThread0  51146 11716 %     4       java.net.URI::decode @ 82 (376 bytes)
C2 CompilerThread1  51146 11733   !   4       org.eclipse.jdt.core.dom.ASTNode::acceptChildren (49 bytes)
C2 CompilerThread2  51146 11757 % !   4       org.eclipse.jdt.internal.compiler.parser.Scanner::jumpOverMethodBody @ 7 (2573 bytes)
Total: 3

VM state: not at safepoint (normal execution)

VM Mutex/Monitor currently owned by a thread: None

Heap address: 0x00000000c0000000, size: 1024 MB, Compressed Oops mode: 32-bit

CDS archive(s) mapped at: [0x0000023080000000-0x0000023080ba0000-0x0000023080ba0000), size 12189696, SharedBaseAddress: 0x0000023080000000, ArchiveRelocationMode: 1.
Compressed class space mapped at: 0x0000023081000000-0x00000230c1000000, reserved size: 1073741824
Narrow klass base: 0x0000023080000000, Narrow klass shift: 0, Narrow klass range: 0x100000000

GC Precious Log:
 CardTable entry size: 512
 CPUs: 8 total, 8 available
 Memory: 7975M
 Large Page Support: Disabled
 NUMA Support: Disabled
 Compressed Oops: Enabled (32-bit)
 Alignments: Space 512K, Generation 512K, Heap 2M
 Heap Min Capacity: 100M
 Heap Initial Capacity: 100M
 Heap Max Capacity: 1G
 Pre-touch: Disabled
 Parallel Workers: 8

Heap:
 PSYoungGen      total 4608K, used 2908K [0x00000000eab00000, 0x00000000eb300000, 0x0000000100000000)
  eden space 4096K, 58% used [0x00000000eab00000,0x00000000ead57180,0x00000000eaf00000)
  from space 512K, 100% used [0x00000000eb200000,0x00000000eb280000,0x00000000eb280000)
  to   space 512K, 0% used [0x00000000eb280000,0x00000000eb280000,0x00000000eb300000)
 ParOldGen       total 699392K, used 527367K [0x00000000c0000000, 0x00000000eab00000, 0x00000000eab00000)
  object space 699392K, 75% used [0x00000000c0000000,0x00000000e0301f40,0x00000000eab00000)
 Metaspace       used 69609K, committed 71104K, reserved 1114112K
  class space    used 7197K, committed 7936K, reserved 1048576K

Card table byte_map: [0x00000230d6640000,0x00000230d6850000] _byte_map_base: 0x00000230d6040000

Marking Bits: (ParMarkBitMap*) 0x00007ff842793260
 Begin Bits: [0x00000230e8e90000, 0x00000230e9e90000)
 End Bits:   [0x00000230e9e90000, 0x00000230eae90000)

Polling page: 0x00000230d62c0000

Metaspace:

Usage:
  Non-class:     60.95 MB used.
      Class:      7.03 MB used.
       Both:     67.98 MB used.

Virtual space:
  Non-class space:       64.00 MB reserved,      61.69 MB ( 96%) committed,  1 nodes.
      Class space:        1.00 GB reserved,       7.75 MB ( <1%) committed,  1 nodes.
             Both:        1.06 GB reserved,      69.44 MB (  6%) committed. 

Chunk freelists:
   Non-Class:  2.01 MB
       Class:  8.30 MB
        Both:  10.31 MB

MaxMetaspaceSize: unlimited
CompressedClassSpaceSize: 1.00 GB
Initial GC threshold: 21.00 MB
Current GC threshold: 97.31 MB
CDS: on
 - commit_granule_bytes: 65536.
 - commit_granule_words: 8192.
 - virtual_space_node_default_size: 8388608.
 - enlarge_chunks_in_place: 1.
 - use_allocation_guard: 0.


Internal statistics:

num_allocs_failed_limit: 9.
num_arena_births: 1198.
num_arena_deaths: 14.
num_vsnodes_births: 2.
num_vsnodes_deaths: 0.
num_space_committed: 1111.
num_space_uncommitted: 0.
num_chunks_returned_to_freelist: 23.
num_chunks_taken_from_freelist: 4346.
num_chunk_merges: 15.
num_chunk_splits: 2738.
num_chunks_enlarged: 1648.
num_inconsistent_stats: 0.

CodeHeap 'non-profiled nmethods': size=120000Kb used=8039Kb max_used=8039Kb free=111960Kb
 bounds [0x00000230e1960000, 0x00000230e2140000, 0x00000230e8e90000]
CodeHeap 'profiled nmethods': size=120000Kb used=26018Kb max_used=26018Kb free=93981Kb
 bounds [0x00000230d9e90000, 0x00000230db800000, 0x00000230e13c0000]
CodeHeap 'non-nmethods': size=5760Kb used=1490Kb max_used=1541Kb free=4269Kb
 bounds [0x00000230e13c0000, 0x00000230e1630000, 0x00000230e1960000]
 total_blobs=11879 nmethods=11074 adapters=709
 compilation: enabled
              stopped_count=0, restarted_count=0
 full_count=0

Compilation events (20 events):
Event: 47.317 Thread 0x00000230eb08a960 nmethod 11748 0x00000230db7d0790 code [0x00000230db7d0960, 0x00000230db7d0b78]
Event: 47.317 Thread 0x00000230eb08a960 11756       3       java.util.HashMap::remove (26 bytes)
Event: 47.317 Thread 0x00000230eb08a960 nmethod 11756 0x00000230db7d0c90 code [0x00000230db7d0e60, 0x00000230db7d11c8]
Event: 47.317 Thread 0x00000230eb08a960 11759       3       org.eclipse.core.resources.ResourcesPlugin::getWorkspace (44 bytes)
Event: 47.318 Thread 0x00000230eb08a960 nmethod 11759 0x00000230db7d1310 code [0x00000230db7d14e0, 0x00000230db7d17e8]
Event: 47.318 Thread 0x00000230eb08a960 11758       3       org.eclipse.jdt.internal.compiler.parser.Parser::consumeMethodInvocationName (195 bytes)
Event: 47.320 Thread 0x00000230eb08a960 nmethod 11758 0x00000230db7d1910 code [0x00000230db7d1b60, 0x00000230db7d25e8]
Event: 47.320 Thread 0x00000230eb08a960 11753       3       com.google.gson.internal.bind.JsonElementTypeAdapter::readTerminal (123 bytes)
Event: 48.333 Thread 0x00000230eb08a960 nmethod 11753 0x00000230db7d2990 code [0x00000230db7d2d20, 0x00000230db7d4360]
Event: 48.333 Thread 0x00000230eb08a960 11760       3       java.net.URI::decode (73 bytes)
Event: 48.334 Thread 0x00000230eb08a960 nmethod 11760 0x00000230db7d4b10 code [0x00000230db7d4cc0, 0x00000230db7d4f70]
Event: 48.334 Thread 0x00000230eb08a960 11762   !   3       java.nio.HeapCharBuffer::toString (30 bytes)
Event: 48.334 Thread 0x00000230eb08a960 nmethod 11762 0x00000230db7d5010 code [0x00000230db7d51e0, 0x00000230db7d5480]
Event: 48.334 Thread 0x00000230eb08a960 11764       3       java.nio.HeapByteBuffer::put (16 bytes)
Event: 48.334 Thread 0x00000230eb08a960 nmethod 11764 0x00000230db7d5590 code [0x00000230db7d5760, 0x00000230db7d5a38]
Event: 48.334 Thread 0x00000230eb08a960 11752       3       org.eclipse.jface.text.TreeLineTracker::setChild (60 bytes)
Event: 48.335 Thread 0x00000230eb08a960 nmethod 11752 0x00000230db7d5c10 code [0x00000230db7d5de0, 0x00000230db7d61c0]
Event: 48.335 Thread 0x00000230eb08a960 11766       3       org.eclipse.jdt.internal.compiler.parser.Parser::checkAndSetModifiers (106 bytes)
Event: 48.335 Thread 0x00000230eb08a960 nmethod 11766 0x00000230db7d6390 code [0x00000230db7d6560, 0x00000230db7d6a28]
Event: 48.335 Thread 0x00000230eb08a960 11767       3       org.eclipse.jdt.internal.compiler.util.ObjectVector::add (61 bytes)

GC Heap History (20 events):
Event: 34.386 GC heap after
{Heap after GC invocations=392 (full 3):
 PSYoungGen      total 5632K, used 480K [0x00000000eab00000, 0x00000000eb380000, 0x0000000100000000)
  eden space 3072K, 0% used [0x00000000eab00000,0x00000000eab00000,0x00000000eae00000)
  from space 2560K, 18% used [0x00000000eaf80000,0x00000000eaff8000,0x00000000eb200000)
  to   space 1024K, 0% used [0x00000000eb280000,0x00000000eb280000,0x00000000eb380000)
 ParOldGen       total 525824K, used 525621K [0x00000000c0000000, 0x00000000e0180000, 0x00000000eab00000)
  object space 525824K, 99% used [0x00000000c0000000,0x00000000e014d570,0x00000000e0180000)
 Metaspace       used 66465K, committed 67904K, reserved 1114112K
  class space    used 6774K, committed 7424K, reserved 1048576K
}
Event: 34.468 GC heap before
{Heap before GC invocations=393 (full 3):
 PSYoungGen      total 5632K, used 3543K [0x00000000eab00000, 0x00000000eb380000, 0x0000000100000000)
  eden space 3072K, 99% used [0x00000000eab00000,0x00000000eadfde60,0x00000000eae00000)
  from space 2560K, 18% used [0x00000000eaf80000,0x00000000eaff8000,0x00000000eb200000)
  to   space 1024K, 0% used [0x00000000eb280000,0x00000000eb280000,0x00000000eb380000)
 ParOldGen       total 525824K, used 525621K [0x00000000c0000000, 0x00000000e0180000, 0x00000000eab00000)
  object space 525824K, 99% used [0x00000000c0000000,0x00000000e014d570,0x00000000e0180000)
 Metaspace       used 66988K, committed 68480K, reserved 1114112K
  class space    used 6823K, committed 7552K, reserved 1048576K
}
Event: 34.470 GC heap after
{Heap after GC invocations=393 (full 3):
 PSYoungGen      total 3584K, used 256K [0x00000000eab00000, 0x00000000eb300000, 0x0000000100000000)
  eden space 3072K, 0% used [0x00000000eab00000,0x00000000eab00000,0x00000000eae00000)
  from space 512K, 50% used [0x00000000eb280000,0x00000000eb2c0000,0x00000000eb300000)
  to   space 512K, 0% used [0x00000000eb200000,0x00000000eb200000,0x00000000eb280000)
 ParOldGen       total 526336K, used 526030K [0x00000000c0000000, 0x00000000e0200000, 0x00000000eab00000)
  object space 526336K, 99% used [0x00000000c0000000,0x00000000e01b3b48,0x00000000e0200000)
 Metaspace       used 66988K, committed 68480K, reserved 1114112K
  class space    used 6823K, committed 7552K, reserved 1048576K
}
Event: 34.514 GC heap before
{Heap before GC invocations=394 (full 3):
 PSYoungGen      total 3584K, used 3328K [0x00000000eab00000, 0x00000000eb300000, 0x0000000100000000)
  eden space 3072K, 100% used [0x00000000eab00000,0x00000000eae00000,0x00000000eae00000)
  from space 512K, 50% used [0x00000000eb280000,0x00000000eb2c0000,0x00000000eb300000)
  to   space 512K, 0% used [0x00000000eb200000,0x00000000eb200000,0x00000000eb280000)
 ParOldGen       total 526336K, used 526030K [0x00000000c0000000, 0x00000000e0200000, 0x00000000eab00000)
  object space 526336K, 99% used [0x00000000c0000000,0x00000000e01b3b48,0x00000000e0200000)
 Metaspace       used 67458K, committed 68992K, reserved 1114112K
  class space    used 6864K, committed 7616K, reserved 1048576K
}
Event: 34.515 GC heap after
{Heap after GC invocations=394 (full 3):
 PSYoungGen      total 3584K, used 369K [0x00000000eab00000, 0x00000000eb300000, 0x0000000100000000)
  eden space 3072K, 0% used [0x00000000eab00000,0x00000000eab00000,0x00000000eae00000)
  from space 512K, 72% used [0x00000000eb200000,0x00000000eb25c5d0,0x00000000eb280000)
  to   space 512K, 0% used [0x00000000eb280000,0x00000000eb280000,0x00000000eb300000)
 ParOldGen       total 526336K, used 526158K [0x00000000c0000000, 0x00000000e0200000, 0x00000000eab00000)
  object space 526336K, 99% used [0x00000000c0000000,0x00000000e01d3b58,0x00000000e0200000)
 Metaspace       used 67458K, committed 68992K, reserved 1114112K
  class space    used 6864K, committed 7616K, reserved 1048576K
}
Event: 34.540 GC heap before
{Heap before GC invocations=395 (full 3):
 PSYoungGen      total 3584K, used 3441K [0x00000000eab00000, 0x00000000eb300000, 0x0000000100000000)
  eden space 3072K, 100% used [0x00000000eab00000,0x00000000eae00000,0x00000000eae00000)
  from space 512K, 72% used [0x00000000eb200000,0x00000000eb25c5d0,0x00000000eb280000)
  to   space 512K, 0% used [0x00000000eb280000,0x00000000eb280000,0x00000000eb300000)
 ParOldGen       total 526336K, used 526158K [0x00000000c0000000, 0x00000000e0200000, 0x00000000eab00000)
  object space 526336K, 99% used [0x00000000c0000000,0x00000000e01d3b58,0x00000000e0200000)
 Metaspace       used 67842K, committed 69312K, reserved 1114112K
  class space    used 6905K, committed 7616K, reserved 1048576K
}
Event: 34.541 GC heap after
{Heap after GC invocations=395 (full 3):
 PSYoungGen      total 3584K, used 224K [0x00000000eab00000, 0x00000000eb300000, 0x0000000100000000)
  eden space 3072K, 0% used [0x00000000eab00000,0x00000000eab00000,0x00000000eae00000)
  from space 512K, 43% used [0x00000000eb280000,0x00000000eb2b8000,0x00000000eb300000)
  to   space 512K, 0% used [0x00000000eb200000,0x00000000eb200000,0x00000000eb280000)
 ParOldGen       total 526848K, used 526360K [0x00000000c0000000, 0x00000000e0280000, 0x00000000eab00000)
  object space 526848K, 99% used [0x00000000c0000000,0x00000000e0206128,0x00000000e0280000)
 Metaspace       used 67842K, committed 69312K, reserved 1114112K
  class space    used 6905K, committed 7616K, reserved 1048576K
}
Event: 34.568 GC heap before
{Heap before GC invocations=396 (full 3):
 PSYoungGen      total 3584K, used 3291K [0x00000000eab00000, 0x00000000eb300000, 0x0000000100000000)
  eden space 3072K, 99% used [0x00000000eab00000,0x00000000eadfeca0,0x00000000eae00000)
  from space 512K, 43% used [0x00000000eb280000,0x00000000eb2b8000,0x00000000eb300000)
  to   space 512K, 0% used [0x00000000eb200000,0x00000000eb200000,0x00000000eb280000)
 ParOldGen       total 526848K, used 526360K [0x00000000c0000000, 0x00000000e0280000, 0x00000000eab00000)
  object space 526848K, 99% used [0x00000000c0000000,0x00000000e0206128,0x00000000e0280000)
 Metaspace       used 68209K, committed 69696K, reserved 1114112K
  class space    used 6959K, committed 7680K, reserved 1048576K
}
Event: 34.569 GC heap after
{Heap after GC invocations=396 (full 3):
 PSYoungGen      total 3584K, used 240K [0x00000000eab00000, 0x00000000eb300000, 0x0000000100000000)
  eden space 3072K, 0% used [0x00000000eab00000,0x00000000eab00000,0x00000000eae00000)
  from space 512K, 46% used [0x00000000eb200000,0x00000000eb23c010,0x00000000eb280000)
  to   space 512K, 0% used [0x00000000eb280000,0x00000000eb280000,0x00000000eb300000)
 ParOldGen       total 526848K, used 526416K [0x00000000c0000000, 0x00000000e0280000, 0x00000000eab00000)
  object space 526848K, 99% used [0x00000000c0000000,0x00000000e0214128,0x00000000e0280000)
 Metaspace       used 68209K, committed 69696K, reserved 1114112K
  class space    used 6959K, committed 7680K, reserved 1048576K
}
Event: 34.597 GC heap before
{Heap before GC invocations=397 (full 3):
 PSYoungGen      total 3584K, used 3312K [0x00000000eab00000, 0x00000000eb300000, 0x0000000100000000)
  eden space 3072K, 100% used [0x00000000eab00000,0x00000000eae00000,0x00000000eae00000)
  from space 512K, 46% used [0x00000000eb200000,0x00000000eb23c010,0x00000000eb280000)
  to   space 512K, 0% used [0x00000000eb280000,0x00000000eb280000,0x00000000eb300000)
 ParOldGen       total 526848K, used 526416K [0x00000000c0000000, 0x00000000e0280000, 0x00000000eab00000)
  object space 526848K, 99% used [0x00000000c0000000,0x00000000e0214128,0x00000000e0280000)
 Metaspace       used 68458K, committed 69952K, reserved 1114112K
  class space    used 7018K, committed 7744K, reserved 1048576K
}
Event: 34.598 GC heap after
{Heap after GC invocations=397 (full 3):
 PSYoungGen      total 3584K, used 256K [0x00000000eab00000, 0x00000000eb300000, 0x0000000100000000)
  eden space 3072K, 0% used [0x00000000eab00000,0x00000000eab00000,0x00000000eae00000)
  from space 512K, 50% used [0x00000000eb280000,0x00000000eb2c0000,0x00000000eb300000)
  to   space 512K, 0% used [0x00000000eb200000,0x00000000eb200000,0x00000000eb280000)
 ParOldGen       total 526848K, used 526520K [0x00000000c0000000, 0x00000000e0280000, 0x00000000eab00000)
  object space 526848K, 99% used [0x00000000c0000000,0x00000000e022e158,0x00000000e0280000)
 Metaspace       used 68458K, committed 69952K, reserved 1114112K
  class space    used 7018K, committed 7744K, reserved 1048576K
}
Event: 34.621 GC heap before
{Heap before GC invocations=398 (full 3):
 PSYoungGen      total 3584K, used 3328K [0x00000000eab00000, 0x00000000eb300000, 0x0000000100000000)
  eden space 3072K, 100% used [0x00000000eab00000,0x00000000eae00000,0x00000000eae00000)
  from space 512K, 50% used [0x00000000eb280000,0x00000000eb2c0000,0x00000000eb300000)
  to   space 512K, 0% used [0x00000000eb200000,0x00000000eb200000,0x00000000eb280000)
 ParOldGen       total 526848K, used 526520K [0x00000000c0000000, 0x00000000e0280000, 0x00000000eab00000)
  object space 526848K, 99% used [0x00000000c0000000,0x00000000e022e158,0x00000000e0280000)
 Metaspace       used 68740K, committed 70272K, reserved 1114112K
  class space    used 7077K, committed 7808K, reserved 1048576K
}
Event: 34.623 GC heap after
{Heap after GC invocations=398 (full 3):
 PSYoungGen      total 3584K, used 224K [0x00000000eab00000, 0x00000000eb300000, 0x0000000100000000)
  eden space 3072K, 0% used [0x00000000eab00000,0x00000000eab00000,0x00000000eae00000)
  from space 512K, 43% used [0x00000000eb200000,0x00000000eb238000,0x00000000eb280000)
  to   space 512K, 0% used [0x00000000eb280000,0x00000000eb280000,0x00000000eb300000)
 ParOldGen       total 526848K, used 526600K [0x00000000c0000000, 0x00000000e0280000, 0x00000000eab00000)
  object space 526848K, 99% used [0x00000000c0000000,0x00000000e0242158,0x00000000e0280000)
 Metaspace       used 68740K, committed 70272K, reserved 1114112K
  class space    used 7077K, committed 7808K, reserved 1048576K
}
Event: 34.650 GC heap before
{Heap before GC invocations=399 (full 3):
 PSYoungGen      total 3584K, used 3296K [0x00000000eab00000, 0x00000000eb300000, 0x0000000100000000)
  eden space 3072K, 100% used [0x00000000eab00000,0x00000000eae00000,0x00000000eae00000)
  from space 512K, 43% used [0x00000000eb200000,0x00000000eb238000,0x00000000eb280000)
  to   space 512K, 0% used [0x00000000eb280000,0x00000000eb280000,0x00000000eb300000)
 ParOldGen       total 526848K, used 526600K [0x00000000c0000000, 0x00000000e0280000, 0x00000000eab00000)
  object space 526848K, 99% used [0x00000000c0000000,0x00000000e0242158,0x00000000e0280000)
 Metaspace       used 69072K, committed 70592K, reserved 1114112K
  class space    used 7132K, committed 7872K, reserved 1048576K
}
Event: 34.652 GC heap after
{Heap after GC invocations=399 (full 3):
 PSYoungGen      total 3584K, used 224K [0x00000000eab00000, 0x00000000eb300000, 0x0000000100000000)
  eden space 3072K, 0% used [0x00000000eab00000,0x00000000eab00000,0x00000000eae00000)
  from space 512K, 43% used [0x00000000eb280000,0x00000000eb2b8000,0x00000000eb300000)
  to   space 512K, 0% used [0x00000000eb200000,0x00000000eb200000,0x00000000eb280000)
 ParOldGen       total 526848K, used 526664K [0x00000000c0000000, 0x00000000e0280000, 0x00000000eab00000)
  object space 526848K, 99% used [0x00000000c0000000,0x00000000e0252158,0x00000000e0280000)
 Metaspace       used 69072K, committed 70592K, reserved 1114112K
  class space    used 7132K, committed 7872K, reserved 1048576K
}
Event: 35.807 GC heap before
{Heap before GC invocations=400 (full 3):
 PSYoungGen      total 3584K, used 3282K [0x00000000eab00000, 0x00000000eb300000, 0x0000000100000000)
  eden space 3072K, 99% used [0x00000000eab00000,0x00000000eadfc8b8,0x00000000eae00000)
  from space 512K, 43% used [0x00000000eb280000,0x00000000eb2b8000,0x00000000eb300000)
  to   space 512K, 0% used [0x00000000eb200000,0x00000000eb200000,0x00000000eb280000)
 ParOldGen       total 526848K, used 526664K [0x00000000c0000000, 0x00000000e0280000, 0x00000000eab00000)
  object space 526848K, 99% used [0x00000000c0000000,0x00000000e0252158,0x00000000e0280000)
 Metaspace       used 69483K, committed 70976K, reserved 1114112K
  class space    used 7178K, committed 7872K, reserved 1048576K
}
Event: 35.809 GC heap after
{Heap after GC invocations=400 (full 3):
 PSYoungGen      total 3584K, used 320K [0x00000000eab00000, 0x00000000eb300000, 0x0000000100000000)
  eden space 3072K, 0% used [0x00000000eab00000,0x00000000eab00000,0x00000000eae00000)
  from space 512K, 62% used [0x00000000eb200000,0x00000000eb250000,0x00000000eb280000)
  to   space 512K, 0% used [0x00000000eb280000,0x00000000eb280000,0x00000000eb300000)
 ParOldGen       total 526848K, used 526728K [0x00000000c0000000, 0x00000000e0280000, 0x00000000eab00000)
  object space 526848K, 99% used [0x00000000c0000000,0x00000000e0262158,0x00000000e0280000)
 Metaspace       used 69483K, committed 70976K, reserved 1114112K
  class space    used 7178K, committed 7872K, reserved 1048576K
}
Event: 47.329 GC heap before
{Heap before GC invocations=401 (full 3):
 PSYoungGen      total 3584K, used 3392K [0x00000000eab00000, 0x00000000eb300000, 0x0000000100000000)
  eden space 3072K, 100% used [0x00000000eab00000,0x00000000eae00000,0x00000000eae00000)
  from space 512K, 62% used [0x00000000eb200000,0x00000000eb250000,0x00000000eb280000)
  to   space 512K, 0% used [0x00000000eb280000,0x00000000eb280000,0x00000000eb300000)
 ParOldGen       total 526848K, used 526728K [0x00000000c0000000, 0x00000000e0280000, 0x00000000eab00000)
  object space 526848K, 99% used [0x00000000c0000000,0x00000000e0262158,0x00000000e0280000)
 Metaspace       used 69607K, committed 71104K, reserved 1114112K
  class space    used 7197K, committed 7936K, reserved 1048576K
}
Event: 48.331 GC heap after
{Heap after GC invocations=401 (full 3):
 PSYoungGen      total 3584K, used 400K [0x00000000eab00000, 0x00000000eb300000, 0x0000000100000000)
  eden space 3072K, 0% used [0x00000000eab00000,0x00000000eab00000,0x00000000eae00000)
  from space 512K, 78% used [0x00000000eb280000,0x00000000eb2e4030,0x00000000eb300000)
  to   space 512K, 0% used [0x00000000eb200000,0x00000000eb200000,0x00000000eb280000)
 ParOldGen       total 527360K, used 526904K [0x00000000c0000000, 0x00000000e0300000, 0x00000000eab00000)
  object space 527360K, 99% used [0x00000000c0000000,0x00000000e028e158,0x00000000e0300000)
 Metaspace       used 69607K, committed 71104K, reserved 1114112K
  class space    used 7197K, committed 7936K, reserved 1048576K
}
Event: 48.338 GC heap before
{Heap before GC invocations=402 (full 3):
 PSYoungGen      total 3584K, used 3472K [0x00000000eab00000, 0x00000000eb300000, 0x0000000100000000)
  eden space 3072K, 99% used [0x00000000eab00000,0x00000000eadffff8,0x00000000eae00000)
  from space 512K, 78% used [0x00000000eb280000,0x00000000eb2e4030,0x00000000eb300000)
  to   space 512K, 0% used [0x00000000eb200000,0x00000000eb200000,0x00000000eb280000)
 ParOldGen       total 527360K, used 526904K [0x00000000c0000000, 0x00000000e0300000, 0x00000000eab00000)
  object space 527360K, 99% used [0x00000000c0000000,0x00000000e028e158,0x00000000e0300000)
 Metaspace       used 69608K, committed 71104K, reserved 1114112K
  class space    used 7197K, committed 7936K, reserved 1048576K
}

Dll operation events (12 events):
Event: 0.010 Loaded shared library c:\Users\Ananya Thakur\.vscode\extensions\redhat.java-1.41.1-win32-x64\jre\21.0.6-win32-x86_64\bin\java.dll
Event: 0.081 Loaded shared library c:\Users\Ananya Thakur\.vscode\extensions\redhat.java-1.41.1-win32-x64\jre\21.0.6-win32-x86_64\bin\zip.dll
Event: 0.099 Loaded shared library C:\Users\Ananya Thakur\.vscode\extensions\redhat.java-1.41.1-win32-x64\jre\21.0.6-win32-x86_64\bin\instrument.dll
Event: 0.104 Loaded shared library C:\Users\Ananya Thakur\.vscode\extensions\redhat.java-1.41.1-win32-x64\jre\21.0.6-win32-x86_64\bin\net.dll
Event: 0.106 Loaded shared library C:\Users\Ananya Thakur\.vscode\extensions\redhat.java-1.41.1-win32-x64\jre\21.0.6-win32-x86_64\bin\nio.dll
Event: 0.110 Loaded shared library C:\Users\Ananya Thakur\.vscode\extensions\redhat.java-1.41.1-win32-x64\jre\21.0.6-win32-x86_64\bin\zip.dll
Event: 0.125 Loaded shared library C:\Users\Ananya Thakur\.vscode\extensions\redhat.java-1.41.1-win32-x64\jre\21.0.6-win32-x86_64\bin\jimage.dll
Event: 0.196 Loaded shared library c:\Users\Ananya Thakur\.vscode\extensions\redhat.java-1.41.1-win32-x64\jre\21.0.6-win32-x86_64\bin\verify.dll
Event: 1.357 Loaded shared library C:\Users\Ananya Thakur\AppData\Roaming\Code\User\globalStorage\redhat.java\1.41.1\config_win\org.eclipse.equinox.launcher\org.eclipse.equinox.launcher.win32.win32.x86_64_1.2.1300.v20250331-1702\eclipse_11911.dll
Event: 2.831 Loaded shared library C:\Users\Ananya Thakur\AppData\Local\Temp\jna--494910215\jna13973408930605196105.dll
Event: 18.722 Loaded shared library C:\Users\Ananya Thakur\.vscode\extensions\redhat.java-1.41.1-win32-x64\jre\21.0.6-win32-x86_64\bin\sunmscapi.dll
Event: 34.452 Loaded shared library C:\Users\Ananya Thakur\.vscode\extensions\redhat.java-1.41.1-win32-x64\jre\21.0.6-win32-x86_64\bin\extnet.dll

Deoptimization events (20 events):
Event: 44.275 Thread 0x00000230f3149a30 Uncommon trap: trap_request=0xffffffbe fr.pc=0x00000230e209dcf4 relative=0x0000000000000394
Event: 44.275 Thread 0x00000230f3149a30 Uncommon trap: reason=profile_predicate action=maybe_recompile pc=0x00000230e209dcf4 method=java.util.Arrays.binarySearch0([Ljava/lang/Object;IILjava/lang/Object;)I @ 12 c2
Event: 44.275 Thread 0x00000230f3149a30 DEOPT PACKING pc=0x00000230e209dcf4 sp=0x000000b4be6fde10
Event: 44.275 Thread 0x00000230f3149a30 DEOPT UNPACKING pc=0x00000230e1416da2 sp=0x000000b4be6fdd90 mode 2
Event: 46.607 Thread 0x00000230f18df940 Uncommon trap: trap_request=0xffffffc6 fr.pc=0x00000230e20c0fcc relative=0x00000000000007ac
Event: 47.301 Thread 0x00000230f18df940 Uncommon trap: reason=bimorphic_or_optimized_type_check action=maybe_recompile pc=0x00000230e20c0fcc method=org.eclipse.jdt.internal.compiler.parser.Parser.consumeRule(I)V @ 6381 c2
Event: 47.316 Thread 0x00000230f18df940 DEOPT PACKING pc=0x00000230e20c0fcc sp=0x000000b4bc0fe800
Event: 47.316 Thread 0x00000230f18df940 DEOPT UNPACKING pc=0x00000230e1416da2 sp=0x000000b4bc0fe788 mode 2
Event: 47.317 Thread 0x00000230f18df940 Uncommon trap: trap_request=0xffffffc6 fr.pc=0x00000230e20c0fcc relative=0x00000000000007ac
Event: 47.317 Thread 0x00000230f18df940 Uncommon trap: reason=bimorphic_or_optimized_type_check action=maybe_recompile pc=0x00000230e20c0fcc method=org.eclipse.jdt.internal.compiler.parser.Parser.consumeRule(I)V @ 6381 c2
Event: 47.317 Thread 0x00000230f18df940 DEOPT PACKING pc=0x00000230e20c0fcc sp=0x000000b4bc0fe800
Event: 47.317 Thread 0x00000230f18df940 DEOPT UNPACKING pc=0x00000230e1416da2 sp=0x000000b4bc0fe788 mode 2
Event: 47.317 Thread 0x00000230f18df940 Uncommon trap: trap_request=0xffffffc6 fr.pc=0x00000230e20c1138 relative=0x0000000000000918
Event: 47.317 Thread 0x00000230f18df940 Uncommon trap: reason=bimorphic_or_optimized_type_check action=maybe_recompile pc=0x00000230e20c1138 method=org.eclipse.jdt.internal.compiler.parser.Parser.consumeRule(I)V @ 5053 c2
Event: 47.317 Thread 0x00000230f18df940 DEOPT PACKING pc=0x00000230e20c1138 sp=0x000000b4bc0fe810
Event: 47.317 Thread 0x00000230f18df940 DEOPT UNPACKING pc=0x00000230e1416da2 sp=0x000000b4bc0fe7a0 mode 2
Event: 47.317 Thread 0x00000230f18df940 Uncommon trap: trap_request=0xffffffc6 fr.pc=0x00000230e20c1330 relative=0x0000000000000b10
Event: 47.317 Thread 0x00000230f18df940 Uncommon trap: reason=bimorphic_or_optimized_type_check action=maybe_recompile pc=0x00000230e20c1330 method=org.eclipse.jdt.internal.compiler.parser.Parser.consumeRule(I)V @ 5067 c2
Event: 47.317 Thread 0x00000230f18df940 DEOPT PACKING pc=0x00000230e20c1330 sp=0x000000b4bc0fe810
Event: 47.317 Thread 0x00000230f18df940 DEOPT UNPACKING pc=0x00000230e1416da2 sp=0x000000b4bc0fe7a0 mode 2

Classes loaded (20 events):
Event: 34.698 Loading class java/util/concurrent/CompletableFuture$UniRelay
Event: 34.698 Loading class java/util/concurrent/CompletableFuture$UniRelay done
Event: 35.590 Loading class java/util/concurrent/ScheduledThreadPoolExecutor$DelayedWorkQueue$Itr
Event: 35.590 Loading class java/util/concurrent/ScheduledThreadPoolExecutor$DelayedWorkQueue$Itr done
Event: 35.836 Loading class java/util/stream/IntPipeline$Head
Event: 35.836 Loading class java/util/stream/IntPipeline$Head done
Event: 35.836 Loading class java/util/stream/IntPipeline$1
Event: 35.837 Loading class java/util/stream/IntPipeline$1 done
Event: 35.837 Loading class java/util/stream/IntPipeline$1$1
Event: 35.837 Loading class java/util/stream/Sink$ChainedInt
Event: 35.837 Loading class java/util/stream/Sink$ChainedInt done
Event: 35.837 Loading class java/util/stream/IntPipeline$1$1 done
Event: 35.920 Loading class java/util/stream/Streams$RangeIntSpliterator
Event: 35.920 Loading class java/util/stream/Streams$RangeIntSpliterator done
Event: 35.924 Loading class java/lang/ProcessHandleImpl$ExitCompletion
Event: 35.924 Loading class java/lang/ProcessHandleImpl$ExitCompletion done
Event: 35.924 Loading class java/lang/ProcessHandleImpl$1
Event: 35.925 Loading class java/lang/ProcessHandleImpl$1 done
Event: 35.926 Loading class java/util/concurrent/CompletableFuture$UniHandle
Event: 35.926 Loading class java/util/concurrent/CompletableFuture$UniHandle done

Classes unloaded (7 events):
Event: 3.490 Thread 0x00000230d6d5d170 Unloading class 0x0000023081198c00 'java/lang/invoke/LambdaForm$MH+0x0000023081198c00'
Event: 3.490 Thread 0x00000230d6d5d170 Unloading class 0x0000023081198800 'java/lang/invoke/LambdaForm$MH+0x0000023081198800'
Event: 3.490 Thread 0x00000230d6d5d170 Unloading class 0x0000023081198400 'java/lang/invoke/LambdaForm$MH+0x0000023081198400'
Event: 3.490 Thread 0x00000230d6d5d170 Unloading class 0x0000023081198000 'java/lang/invoke/LambdaForm$MH+0x0000023081198000'
Event: 3.490 Thread 0x00000230d6d5d170 Unloading class 0x0000023081197c00 'java/lang/invoke/LambdaForm$BMH+0x0000023081197c00'
Event: 3.490 Thread 0x00000230d6d5d170 Unloading class 0x0000023081197800 'java/lang/invoke/LambdaForm$DMH+0x0000023081197800'
Event: 3.490 Thread 0x00000230d6d5d170 Unloading class 0x0000023081196400 'java/lang/invoke/LambdaForm$DMH+0x0000023081196400'

Classes redefined (0 events):
No events

Internal exceptions (20 events):
Event: 18.679 Thread 0x00000230f3148680 Exception <a 'sun/nio/fs/WindowsException'{0x00000000eb0add80}> (0x00000000eb0add80) 
thrown [s\src\hotspot\share\prims\jni.cpp, line 520]
Event: 18.679 Thread 0x00000230f3148680 Exception <a 'sun/nio/fs/WindowsException'{0x00000000eb0b0168}> (0x00000000eb0b0168) 
thrown [s\src\hotspot\share\prims\jni.cpp, line 520]
Event: 18.682 Thread 0x00000230f3148680 Exception <a 'sun/nio/fs/WindowsException'{0x00000000eb0e2b80}> (0x00000000eb0e2b80) 
thrown [s\src\hotspot\share\prims\jni.cpp, line 520]
Event: 18.682 Thread 0x00000230f3148680 Exception <a 'sun/nio/fs/WindowsException'{0x00000000eb0f4368}> (0x00000000eb0f4368) 
thrown [s\src\hotspot\share\prims\jni.cpp, line 520]
Event: 18.753 Thread 0x00000230f314dbd0 Exception <a 'sun/nio/fs/WindowsException'{0x00000000eafe68a8}> (0x00000000eafe68a8) 
thrown [s\src\hotspot\share\prims\jni.cpp, line 520]
Event: 19.604 Thread 0x00000230f3149a30 Exception <a 'java/lang/NoSuchMethodError'{0x00000000eac15778}: 'void java.lang.invoke.DirectMethodHandle$Holder.invokeSpecial(java.lang.Object, java.lang.Object, int)'> (0x00000000eac15778) 
thrown [s\src\hotspot\share\interpreter\linkResolver.cpp, line 773]
Event: 29.551 Thread 0x00000230f2c8b7e0 Exception <a 'java/lang/IncompatibleClassChangeError'{0x00000000eaee07e0}: Found class java.lang.Object, but interface was expected> (0x00000000eaee07e0) 
thrown [s\src\hotspot\share\interpreter\linkResolver.cpp, line 840]
Event: 34.367 Thread 0x00000230f3149a30 Exception <a 'java/lang/NoSuchMethodError'{0x00000000ead2e910}: 'java.lang.Object java.lang.invoke.DirectMethodHandle$Holder.newInvokeSpecial(java.lang.Object, java.lang.Object, int)'> (0x00000000ead2e910) 
thrown [s\src\hotspot\share\interpreter\linkResolver.cpp, line 773]
Event: 34.393 Thread 0x00000230f3149a30 Exception <a 'sun/nio/fs/WindowsException'{0x00000000eab41b20}> (0x00000000eab41b20) 
thrown [s\src\hotspot\share\prims\jni.cpp, line 520]
Event: 34.394 Thread 0x00000230f3149a30 Exception <a 'sun/nio/fs/WindowsException'{0x00000000eab42360}> (0x00000000eab42360) 
thrown [s\src\hotspot\share\prims\jni.cpp, line 520]
Event: 34.394 Thread 0x00000230f3149a30 Exception <a 'sun/nio/fs/WindowsException'{0x00000000eab43498}> (0x00000000eab43498) 
thrown [s\src\hotspot\share\prims\jni.cpp, line 520]
Event: 34.394 Thread 0x00000230f3149a30 Exception <a 'sun/nio/fs/WindowsException'{0x00000000eab43f88}> (0x00000000eab43f88) 
thrown [s\src\hotspot\share\prims\jni.cpp, line 520]
Event: 34.395 Thread 0x00000230f3149a30 Exception <a 'sun/nio/fs/WindowsException'{0x00000000eab459f8}> (0x00000000eab459f8) 
thrown [s\src\hotspot\share\prims\jni.cpp, line 520]
Event: 34.395 Thread 0x00000230f3149a30 Exception <a 'sun/nio/fs/WindowsException'{0x00000000eab464c0}> (0x00000000eab464c0) 
thrown [s\src\hotspot\share\prims\jni.cpp, line 520]
Event: 34.493 Thread 0x00000230f314ef80 Exception <a 'java/io/FileNotFoundException'{0x00000000eac0f578}> (0x00000000eac0f578) 
thrown [s\src\hotspot\share\prims\jni.cpp, line 520]
Event: 34.630 Thread 0x00000230f314ef80 Exception <a 'java/lang/NoSuchMethodError'{0x00000000eab91d98}: 'java.lang.Object java.lang.invoke.DirectMethodHandle$Holder.invokeVirtual(java.lang.Object, java.lang.Object, java.lang.Object, java.lang.Object)'> (0x00000000eab91d98) 
thrown [s\src\hotspot\share\interpreter\linkResolver.cpp, line 773]
Event: 34.677 Thread 0x00000230f2de4940 Exception <a 'java/lang/NoSuchMethodError'{0x00000000eac9fb88}: 'java.lang.Object java.lang.invoke.DirectMethodHandle$Holder.invokeStatic(java.lang.Object, long, java.lang.Object, java.lang.Object)'> (0x00000000eac9fb88) 
thrown [s\src\hotspot\share\interpreter\linkResolver.cpp, line 773]
Event: 35.798 Thread 0x00000230f2de8450 Exception <a 'java/lang/NoSuchMethodError'{0x00000000ead7a1b8}: 'long java.lang.invoke.DelegatingMethodHandle$Holder.reinvoke_L(java.lang.Object, java.lang.Object)'> (0x00000000ead7a1b8) 
thrown [s\src\hotspot\share\interpreter\linkResolver.cpp, line 773]
Event: 35.799 Thread 0x00000230f2de8450 Exception <a 'java/lang/NoSuchMethodError'{0x00000000ead84358}: 'void java.lang.invoke.DelegatingMethodHandle$Holder.reinvoke_L(java.lang.Object, java.lang.Object, long)'> (0x00000000ead84358) 
thrown [s\src\hotspot\share\interpreter\linkResolver.cpp, line 773]
Event: 35.927 Thread 0x00000230f2de8450 Exception <a 'java/lang/NoSuchMethodError'{0x00000000eab6f478}: 'long java.lang.invoke.Invokers$Holder.invokeExact_MT(java.lang.Object, java.lang.Object, java.lang.Object)'> (0x00000000eab6f478) 
thrown [s\src\hotspot\share\interpreter\linkResolver.cpp, line 773]

ZGC Phase Switch (0 events):
No events

VM Operations (20 events):
Event: 34.689 Executing VM operation: HandshakeAllThreads (Deoptimize) done
Event: 34.694 Executing VM operation: HandshakeAllThreads (Deoptimize)
Event: 34.695 Executing VM operation: HandshakeAllThreads (Deoptimize) done
Event: 35.698 Executing VM operation: Cleanup
Event: 35.698 Executing VM operation: Cleanup done
Event: 35.807 Executing VM operation: ParallelGCFailedAllocation (Allocation Failure)
Event: 35.809 Executing VM operation: ParallelGCFailedAllocation (Allocation Failure) done
Event: 36.816 Executing VM operation: Cleanup
Event: 36.817 Executing VM operation: Cleanup done
Event: 38.836 Executing VM operation: Cleanup
Event: 38.836 Executing VM operation: Cleanup done
Event: 43.880 Executing VM operation: Cleanup
Event: 43.880 Executing VM operation: Cleanup done
Event: 44.889 Executing VM operation: Cleanup
Event: 44.889 Executing VM operation: Cleanup done
Event: 46.896 Executing VM operation: Cleanup
Event: 47.316 Executing VM operation: Cleanup done
Event: 47.329 Executing VM operation: ParallelGCFailedAllocation (Allocation Failure)
Event: 48.331 Executing VM operation: ParallelGCFailedAllocation (Allocation Failure) done
Event: 48.338 Executing VM operation: ParallelGCFailedAllocation (Allocation Failure)

Memory protections (0 events):
No events

Nmethod flushes (20 events):
Event: 11.234 Thread 0x00000230d6d5d170 flushing  nmethod 0x00000230da6a6010
Event: 11.234 Thread 0x00000230d6d5d170 flushing osr nmethod 0x00000230da6d5a90
Event: 11.234 Thread 0x00000230d6d5d170 flushing  nmethod 0x00000230da6f5c90
Event: 11.234 Thread 0x00000230d6d5d170 flushing  nmethod 0x00000230da714d10
Event: 11.234 Thread 0x00000230d6d5d170 flushing  nmethod 0x00000230da71dd10
Event: 11.234 Thread 0x00000230d6d5d170 flushing  nmethod 0x00000230da71fe90
Event: 11.234 Thread 0x00000230d6d5d170 flushing  nmethod 0x00000230da730e10
Event: 11.234 Thread 0x00000230d6d5d170 flushing  nmethod 0x00000230da731810
Event: 11.234 Thread 0x00000230d6d5d170 flushing  nmethod 0x00000230da732710
Event: 11.234 Thread 0x00000230d6d5d170 flushing  nmethod 0x00000230da735c10
Event: 11.234 Thread 0x00000230d6d5d170 flushing  nmethod 0x00000230da736b10
Event: 11.234 Thread 0x00000230d6d5d170 flushing  nmethod 0x00000230da737210
Event: 11.234 Thread 0x00000230d6d5d170 flushing  nmethod 0x00000230da737810
Event: 11.234 Thread 0x00000230d6d5d170 flushing  nmethod 0x00000230da739b90
Event: 11.234 Thread 0x00000230d6d5d170 flushing  nmethod 0x00000230da73e310
Event: 11.234 Thread 0x00000230d6d5d170 flushing  nmethod 0x00000230da745990
Event: 11.234 Thread 0x00000230d6d5d170 flushing  nmethod 0x00000230da75fd90
Event: 11.234 Thread 0x00000230d6d5d170 flushing  nmethod 0x00000230da778790
Event: 11.234 Thread 0x00000230d6d5d170 flushing  nmethod 0x00000230da780c90
Event: 11.234 Thread 0x00000230d6d5d170 flushing  nmethod 0x00000230da7b2510

Events (20 events):
Event: 31.223 Thread 0x00000230eb08a960 Thread added: 0x00000230f5c5cb10
Event: 31.225 Thread 0x00000230eb08a960 Thread added: 0x00000230f5672350
Event: 34.163 Thread 0x00000230f5672350 Thread exited: 0x00000230f5672350
Event: 34.163 Thread 0x00000230f5c5cb10 Thread exited: 0x00000230f5c5cb10
Event: 34.416 Thread 0x00000230eb08a960 Thread added: 0x00000230f5c5cb10
Event: 34.416 Thread 0x00000230eb08a960 Thread added: 0x00000230f5ea44a0
Event: 34.457 Thread 0x00000230f3149a30 Thread added: 0x00000230f314f610
Event: 34.463 Thread 0x00000230f314f610 Thread added: 0x00000230f314ef80
Event: 34.576 Thread 0x00000230f314ef80 Thread added: 0x00000230f2de6380
Event: 34.579 Thread 0x00000230f314ef80 Thread added: 0x00000230f2de5660
Event: 34.671 Thread 0x00000230f314ef80 Thread added: 0x00000230f2de4940
Event: 34.695 Thread 0x00000230f2de4940 Thread added: 0x00000230f2de7dc0
Event: 35.796 Thread 0x00000230f314ef80 Thread added: 0x00000230f2de8450
Event: 35.796 Thread 0x00000230f2de7dc0 Thread exited: 0x00000230f2de7dc0
Event: 35.797 Thread 0x00000230f5ea44a0 Thread exited: 0x00000230f5ea44a0
Event: 35.797 Thread 0x00000230f5c5cb10 Thread exited: 0x00000230f5c5cb10
Event: 35.925 Thread 0x00000230f2de8450 Thread added: 0x00000230f2de5cf0
Event: 35.929 Thread 0x00000230f2de8450 Thread exited: 0x00000230f2de8450
Event: 37.981 Thread 0x00000230f2de4940 Thread exited: 0x00000230f2de4940
Event: 44.279 Thread 0x00000230eb08a960 Thread added: 0x00000230f5dc0350


Dynamic libraries:
0x00007ff690100000 - 0x00007ff69010e000 	c:\Users\Ananya Thakur\.vscode\extensions\redhat.java-1.41.1-win32-x64\jre\21.0.6-win32-x86_64\bin\java.exe
0x00007ff8c51e0000 - 0x00007ff8c5440000 	C:\WINDOWS\SYSTEM32\ntdll.dll
0x00007ff8c4d50000 - 0x00007ff8c4e17000 	C:\WINDOWS\System32\KERNEL32.DLL
0x00007ff8c2640000 - 0x00007ff8c2a0a000 	C:\WINDOWS\System32\KERNELBASE.dll
0x00007ff8c2e90000 - 0x00007ff8c2fdb000 	C:\WINDOWS\System32\ucrtbase.dll
0x00007ff8b2bc0000 - 0x00007ff8b2bd8000 	c:\Users\Ananya Thakur\.vscode\extensions\redhat.java-1.41.1-win32-x64\jre\21.0.6-win32-x86_64\bin\jli.dll
0x00007ff8bcf10000 - 0x00007ff8bcf2e000 	c:\Users\Ananya Thakur\.vscode\extensions\redhat.java-1.41.1-win32-x64\jre\21.0.6-win32-x86_64\bin\VCRUNTIME140.dll
0x00007ff8c46f0000 - 0x00007ff8c48bc000 	C:\WINDOWS\System32\USER32.dll
0x00007ff8c2e60000 - 0x00007ff8c2e87000 	C:\WINDOWS\System32\win32u.dll
0x00007ff8aa430000 - 0x00007ff8aa6c7000 	C:\WINDOWS\WinSxS\amd64_microsoft.windows.common-controls_6595b64144ccf1df_6.0.26100.3624_none_3e086962e3345f24\COMCTL32.dll
0x00007ff8c3690000 - 0x00007ff8c3739000 	C:\WINDOWS\System32\msvcrt.dll
0x00007ff8c3740000 - 0x00007ff8c376a000 	C:\WINDOWS\System32\GDI32.dll
0x00007ff8c2500000 - 0x00007ff8c2631000 	C:\WINDOWS\System32\gdi32full.dll
0x00007ff8c2450000 - 0x00007ff8c24f3000 	C:\WINDOWS\System32\msvcp_win.dll
0x00007ff8c46a0000 - 0x00007ff8c46cf000 	C:\WINDOWS\System32\IMM32.DLL
0x00007ff8beec0000 - 0x00007ff8beecc000 	c:\Users\Ananya Thakur\.vscode\extensions\redhat.java-1.41.1-win32-x64\jre\21.0.6-win32-x86_64\bin\vcruntime140_1.dll
0x00007ff856a10000 - 0x00007ff856a9d000 	c:\Users\Ananya Thakur\.vscode\extensions\redhat.java-1.41.1-win32-x64\jre\21.0.6-win32-x86_64\bin\msvcp140.dll
0x00007ff841ae0000 - 0x00007ff842870000 	c:\Users\Ananya Thakur\.vscode\extensions\redhat.java-1.41.1-win32-x64\jre\21.0.6-win32-x86_64\bin\server\jvm.dll
0x00007ff8c40f0000 - 0x00007ff8c41a2000 	C:\WINDOWS\System32\ADVAPI32.dll
0x00007ff8c50e0000 - 0x00007ff8c5186000 	C:\WINDOWS\System32\sechost.dll
0x00007ff8c4e20000 - 0x00007ff8c4f36000 	C:\WINDOWS\System32\RPCRT4.dll
0x00007ff8c4f40000 - 0x00007ff8c4fb4000 	C:\WINDOWS\System32\WS2_32.dll
0x00007ff8c2210000 - 0x00007ff8c226e000 	C:\WINDOWS\SYSTEM32\POWRPROF.dll
0x00007ff8b9bc0000 - 0x00007ff8b9bf6000 	C:\WINDOWS\SYSTEM32\WINMM.dll
0x00007ff8b1860000 - 0x00007ff8b186b000 	C:\WINDOWS\SYSTEM32\VERSION.dll
0x00007ff8c21f0000 - 0x00007ff8c2204000 	C:\WINDOWS\SYSTEM32\UMPDC.dll
0x00007ff8c11d0000 - 0x00007ff8c11ea000 	C:\WINDOWS\SYSTEM32\kernel.appcore.dll
0x00007ff8bcee0000 - 0x00007ff8bceea000 	c:\Users\Ananya Thakur\.vscode\extensions\redhat.java-1.41.1-win32-x64\jre\21.0.6-win32-x86_64\bin\jimage.dll
0x00007ff8bf030000 - 0x00007ff8bf271000 	C:\WINDOWS\SYSTEM32\DBGHELP.DLL
0x00007ff8c3010000 - 0x00007ff8c3392000 	C:\WINDOWS\System32\combase.dll
0x00007ff8c3440000 - 0x00007ff8c3516000 	C:\WINDOWS\System32\OLEAUT32.dll
0x00007ff8a69d0000 - 0x00007ff8a6a09000 	C:\WINDOWS\SYSTEM32\dbgcore.DLL
0x00007ff8c2c40000 - 0x00007ff8c2cd9000 	C:\WINDOWS\System32\bcryptPrimitives.dll
0x00007ff8b3a50000 - 0x00007ff8b3a5f000 	c:\Users\Ananya Thakur\.vscode\extensions\redhat.java-1.41.1-win32-x64\jre\21.0.6-win32-x86_64\bin\instrument.dll
0x00007ff8b2af0000 - 0x00007ff8b2b0f000 	c:\Users\Ananya Thakur\.vscode\extensions\redhat.java-1.41.1-win32-x64\jre\21.0.6-win32-x86_64\bin\java.dll
0x00007ff8c3770000 - 0x00007ff8c3e99000 	C:\WINDOWS\System32\SHELL32.dll
0x00007ff8c2a10000 - 0x00007ff8c2b78000 	C:\WINDOWS\System32\wintypes.dll
0x00007ff8c0030000 - 0x00007ff8c0882000 	C:\WINDOWS\SYSTEM32\windows.storage.dll
0x00007ff8c4ff0000 - 0x00007ff8c50dd000 	C:\WINDOWS\System32\SHCORE.dll
0x00007ff8c3520000 - 0x00007ff8c3584000 	C:\WINDOWS\System32\shlwapi.dll
0x00007ff8c22d0000 - 0x00007ff8c22ff000 	C:\WINDOWS\SYSTEM32\profapi.dll
0x00007ff8af180000 - 0x00007ff8af198000 	c:\Users\Ananya Thakur\.vscode\extensions\redhat.java-1.41.1-win32-x64\jre\21.0.6-win32-x86_64\bin\zip.dll
0x00007ff8b31c0000 - 0x00007ff8b31d0000 	C:\Users\Ananya Thakur\.vscode\extensions\redhat.java-1.41.1-win32-x64\jre\21.0.6-win32-x86_64\bin\net.dll
0x00007ff8b97b0000 - 0x00007ff8b98cd000 	C:\WINDOWS\SYSTEM32\WINHTTP.dll
0x00007ff8c16f0000 - 0x00007ff8c175a000 	C:\WINDOWS\system32\mswsock.dll
0x00007ff8ad6a0000 - 0x00007ff8ad6b6000 	C:\Users\Ananya Thakur\.vscode\extensions\redhat.java-1.41.1-win32-x64\jre\21.0.6-win32-x86_64\bin\nio.dll
0x00007ff8b29b0000 - 0x00007ff8b29c0000 	c:\Users\Ananya Thakur\.vscode\extensions\redhat.java-1.41.1-win32-x64\jre\21.0.6-win32-x86_64\bin\verify.dll
0x00007ff89ad70000 - 0x00007ff89adb5000 	C:\Users\Ananya Thakur\AppData\Roaming\Code\User\globalStorage\redhat.java\1.41.1\config_win\org.eclipse.equinox.launcher\org.eclipse.equinox.launcher.win32.win32.x86_64_1.2.1300.v20250331-1702\eclipse_11911.dll
0x00007ff8c3ef0000 - 0x00007ff8c4086000 	C:\WINDOWS\System32\ole32.dll
0x00007ff8c1990000 - 0x00007ff8c19ac000 	C:\WINDOWS\SYSTEM32\CRYPTSP.dll
0x00007ff8c1130000 - 0x00007ff8c116a000 	C:\WINDOWS\system32\rsaenh.dll
0x00007ff8c1790000 - 0x00007ff8c17bb000 	C:\WINDOWS\SYSTEM32\USERENV.dll
0x00007ff8c22a0000 - 0x00007ff8c22c6000 	C:\WINDOWS\SYSTEM32\bcrypt.dll
0x00007ff8c19b0000 - 0x00007ff8c19bc000 	C:\WINDOWS\SYSTEM32\CRYPTBASE.dll
0x00007ff8c0c60000 - 0x00007ff8c0c93000 	C:\WINDOWS\SYSTEM32\IPHLPAPI.DLL
0x00007ff8c5190000 - 0x00007ff8c519a000 	C:\WINDOWS\System32\NSI.dll
0x00007ff898a40000 - 0x00007ff898a89000 	C:\Users\Ananya Thakur\AppData\Local\Temp\jna--494910215\jna13973408930605196105.dll
0x00007ff8c4fe0000 - 0x00007ff8c4fe8000 	C:\WINDOWS\System32\PSAPI.DLL
0x00007ff8bc560000 - 0x00007ff8bc57f000 	C:\WINDOWS\SYSTEM32\dhcpcsvc6.DLL
0x00007ff8bc4e0000 - 0x00007ff8bc505000 	C:\WINDOWS\SYSTEM32\dhcpcsvc.DLL
0x00007ff8c12f0000 - 0x00007ff8c1325000 	C:\WINDOWS\SYSTEM32\ntmarta.dll
0x00007ff8bcf70000 - 0x00007ff8bcf7e000 	C:\Users\Ananya Thakur\.vscode\extensions\redhat.java-1.41.1-win32-x64\jre\21.0.6-win32-x86_64\bin\sunmscapi.dll
0x00007ff8c2ce0000 - 0x00007ff8c2e57000 	C:\WINDOWS\System32\CRYPT32.dll
0x00007ff8c1b90000 - 0x00007ff8c1bc0000 	C:\WINDOWS\SYSTEM32\ncrypt.dll
0x00007ff8c1b40000 - 0x00007ff8c1b7f000 	C:\WINDOWS\SYSTEM32\NTASN1.dll
0x00007ff8af1e0000 - 0x00007ff8af1e9000 	C:\Users\Ananya Thakur\.vscode\extensions\redhat.java-1.41.1-win32-x64\jre\21.0.6-win32-x86_64\bin\extnet.dll

dbghelp: loaded successfully - version: 4.0.5 - missing functions: none
symbol engine: initialized successfully - sym options: 0x614 - pdb path: .;c:\Users\Ananya Thakur\.vscode\extensions\redhat.java-1.41.1-win32-x64\jre\21.0.6-win32-x86_64\bin;C:\WINDOWS\SYSTEM32;C:\WINDOWS\WinSxS\amd64_microsoft.windows.common-controls_6595b64144ccf1df_6.0.26100.3624_none_3e086962e3345f24;c:\Users\Ananya Thakur\.vscode\extensions\redhat.java-1.41.1-win32-x64\jre\21.0.6-win32-x86_64\bin\server;C:\Users\Ananya Thakur\AppData\Roaming\Code\User\globalStorage\redhat.java\1.41.1\config_win\org.eclipse.equinox.launcher\org.eclipse.equinox.launcher.win32.win32.x86_64_1.2.1300.v20250331-1702;C:\Users\Ananya Thakur\AppData\Local\Temp\jna--494910215

VM Arguments:
jvm_args: --add-modules=ALL-SYSTEM --add-opens=java.base/java.util=ALL-UNNAMED --add-opens=java.base/java.lang=ALL-UNNAMED --add-opens=java.base/sun.nio.fs=ALL-UNNAMED -Declipse.application=org.eclipse.jdt.ls.core.id1 -Dosgi.bundles.defaultStartLevel=4 -Declipse.product=org.eclipse.jdt.ls.core.product -Djava.import.generatesMetadataFilesAtProjectRoot=false -DDetectVMInstallationsJob.disabled=true -Dfile.encoding=utf8 -XX:+UseParallelGC -XX:GCTimeRatio=4 -XX:AdaptiveSizePolicyWeight=90 -Dsun.zip.disableMemoryMapping=true -Xmx1G -Xms100m -Xlog:disable -javaagent:c:\Users\Ananya Thakur\.vscode\extensions\redhat.java-1.41.1-win32-x64\lombok\lombok-1.18.36.jar -XX:+HeapDumpOnOutOfMemoryError -XX:HeapDumpPath=c:\Users\Ananya Thakur\AppData\Roaming\Code\User\workspaceStorage\c93637884f41539a95fee77274f7d37f\redhat.java -Daether.dependencyCollector.impl=bf 
java_command: c:\Users\Ananya Thakur\.vscode\extensions\redhat.java-1.41.1-win32-x64\server\plugins\org.eclipse.equinox.launcher_1.7.0.v20250331-1702.jar -configuration c:\Users\Ananya Thakur\AppData\Roaming\Code\User\globalStorage\redhat.java\1.41.1\config_win -data c:\Users\Ananya Thakur\AppData\Roaming\Code\User\workspaceStorage\c93637884f41539a95fee77274f7d37f\redhat.java\jdt_ws --pipe=\\.\pipe\lsp-3ee411a5ebfcc6138a4d2195321cc027-sock
java_class_path (initial): c:\Users\Ananya Thakur\.vscode\extensions\redhat.java-1.41.1-win32-x64\server\plugins\org.eclipse.equinox.launcher_1.7.0.v20250331-1702.jar
Launcher Type: SUN_STANDARD

[Global flags]
    uintx AdaptiveSizePolicyWeight                 = 90                                        {product} {command line}
     intx CICompilerCount                          = 4                                         {product} {ergonomic}
    uintx GCTimeRatio                              = 4                                         {product} {command line}
     bool HeapDumpOnOutOfMemoryError               = true                                   {manageable} {command line}
    ccstr HeapDumpPath                             = c:\Users\Ananya Thakur\AppData\Roaming\Code\User\workspaceStorage\c93637884f41539a95fee77274f7d37f\redhat.java         {manageable} {command line}
   size_t InitialHeapSize                          = 104857600                                 {product} {command line}
   size_t MaxHeapSize                              = 1073741824                                {product} {command line}
   size_t MaxNewSize                               = 357564416                                 {product} {ergonomic}
   size_t MinHeapDeltaBytes                        = 524288                                    {product} {ergonomic}
   size_t MinHeapSize                              = 104857600                                 {product} {command line}
   size_t NewSize                                  = 34603008                                  {product} {ergonomic}
    uintx NonNMethodCodeHeapSize                   = 5839372                                {pd product} {ergonomic}
    uintx NonProfiledCodeHeapSize                  = 122909434                              {pd product} {ergonomic}
   size_t OldSize                                  = 70254592                                  {product} {ergonomic}
    uintx ProfiledCodeHeapSize                     = 122909434                              {pd product} {ergonomic}
    uintx ReservedCodeCacheSize                    = 251658240                              {pd product} {ergonomic}
     bool SegmentedCodeCache                       = true                                      {product} {ergonomic}
   size_t SoftMaxHeapSize                          = 1073741824                             {manageable} {ergonomic}
     bool UseCompressedOops                        = true                           {product lp64_product} {ergonomic}
     bool UseLargePagesIndividualAllocation        = false                                  {pd product} {ergonomic}
     bool UseParallelGC                            = true                                      {product} {command line}

Logging:
Log output configuration:
 #0: stdout all=off uptime,level,tags foldmultilines=false
 #1: stderr all=off uptime,level,tags foldmultilines=false

Environment Variables:
JAVA_HOME=C:\Users\Ananya Thakur\AppData\Local\Programs\Eclipse Adoptium\jdk-17.0.9.9-hotspot\
PATH=C:\Program Files\Common Files\Oracle\Java\javapath;C:\WINDOWS\system32;C:\WINDOWS;C:\WINDOWS\System32\Wbem;C:\WINDOWS\System32\WindowsPowerShell\v1.0\;C:\WINDOWS\System32\OpenSSH\;C:\Program Files\MySQL\MySQL Server 8.0\bin;C:\Program Files\Java\jdk1.8.0_202\bin;C:\Program Files\Java\jdk1.8.0_202\bin;C:\Program Files\MySQL\MySQL Shell 8.0\bin\;C:\Users\Ananya Thakur\AppData\Local\Programs\Eclipse Adoptium\jdk-17.0.9.9-hotspot\bin;C:\Users\Ananya Thakur\AppData\Local\Programs\Python\Python312\Scripts\;C:\Users\Ananya Thakur\AppData\Local\Programs\Python\Python312\;C:\Users\Ananya Thakur\AppData\Local\Microsoft\WindowsApps;C:\MinGW\bin;C:\Users\Ananya Thakur\AppData\Local\Programs\Microsoft VS Code\bin
USERNAME=Ananya Thakur
OS=Windows_NT
PROCESSOR_IDENTIFIER=Intel64 Family 6 Model 140 Stepping 2, GenuineIntel
TMP=C:\Users\ANANYA~1\AppData\Local\Temp
TEMP=C:\Users\ANANYA~1\AppData\Local\Temp




Periodic native trim disabled

---------------  S Y S T E M  ---------------

OS:
 Windows 11 , 64 bit Build 26100 (10.0.26100.3775)
OS uptime: 0 days 18:02 hours
Hyper-V role detected

CPU: total 8 (initial active 8) (4 cores per cpu, 2 threads per core) family 6 model 140 stepping 2 microcode 0x26, cx8, cmov, fxsr, ht, mmx, 3dnowpref, sse, sse2, sse3, ssse3, sse4.1, sse4.2, popcnt, lzcnt, tsc, tscinvbit, avx, avx2, aes, erms, clmul, bmi1, bmi2, adx, avx512f, avx512dq, avx512cd, avx512bw, avx512vl, sha, fma, vzeroupper, avx512_vpopcntdq, avx512_vpclmulqdq, avx512_vaes, avx512_vnni, clflush, clflushopt, clwb, avx512_vbmi2, avx512_vbmi, hv, rdtscp, rdpid, fsrm, gfni, avx512_bitalg, f16c, cet_ibt, cet_ss, avx512_ifma
Processor Information for the first 8 processors :
  Max Mhz: 2496, Current Mhz: 2496, Mhz Limit: 2496

Memory: 4k page, system-wide physical 7975M (818M free)
TotalPageFile size 27175M (AvailPageFile size 245M)
current process WorkingSet (physical memory assigned to process): 694M, peak: 727M
current process commit charge ("private bytes"): 944M, peak: 944M

vm_info: OpenJDK 64-Bit Server VM (21.0.6+7-LTS) for windows-amd64 JRE (21.0.6+7-LTS), built on 2025-01-21T00:00:00Z by "admin" with MS VC++ 17.7 (VS2022)

END.
