#
# There is insufficient memory for the Java Runtime Environment to continue.
# Native memory allocation (malloc) failed to allocate 888288 bytes for Chunk::new
# Possible reasons:
#   The system is out of physical RAM or swap space
#   The process is running with CompressedOops enabled, and the Java Heap may be blocking the growth of the native heap
# Possible solutions:
#   Reduce memory load on the system
#   Increase physical memory or swap space
#   Check if swap backing store is full
#   Decrease Java heap size (-Xmx/-Xms)
#   Decrease number of Java threads
#   Decrease Java thread stack sizes (-Xss)
#   Set larger code cache with -XX:ReservedCodeCacheSize=
#   JVM is running with Unscaled Compressed Oops mode in which the Java heap is
#     placed in the first 4GB address space. The Java Heap base address is the
#     maximum limit for the native heap growth. Please use -XX:HeapBaseMinAddress
#     to set the Java Heap base and to place the Java Heap above 4GB virtual address.
# This output file may be truncated or incomplete.
#
#  Out of Memory Error (arena.cpp:191), pid=27784, tid=576
#
# JRE version: OpenJDK Runtime Environment Temurin-17.0.9+9 (17.0.9+9) (build 17.0.9+9)
# Java VM: OpenJDK 64-Bit Server VM Temurin-17.0.9+9 (17.0.9+9, mixed mode, sharing, tiered, compressed oops, compressed class ptrs, g1 gc, windows-amd64)
# No core dump will be written. Minidumps are not enabled by default on client versions of Windows
#

---------------  S U M M A R Y ------------

Command Line: -XX:+ShowCodeDetailsInExceptionMessages Rules

Host: 11th Gen Intel(R) Core(TM) i5-1155G7 @ 2.50GHz, 8 cores, 7G,  Windows 11 , 64 bit Build 26100 (10.0.26100.3775)
Time: Sun Apr 20 18:33:09 2025 India Standard Time elapsed time: 6.782463 seconds (0d 0h 0m 6s)

---------------  T H R E A D  ---------------

Current thread (0x000002765a136a70):  JavaThread "C2 CompilerThread0" daemon [_thread_in_native, id=576, stack(0x000000f604d00000,0x000000f604e00000)]


Current CompileTask:
C2:   6782 1027       4       sun.swing.SwingUtilities2::getFontCharsWidth (45 bytes)

Stack: [0x000000f604d00000,0x000000f604e00000]
Native frames: (J=compiled Java code, j=interpreted, Vv=VM code, C=native code)
V  [jvm.dll+0x67cf49]
V  [jvm.dll+0x83478a]
V  [jvm.dll+0x83624e]
V  [jvm.dll+0x8368b3]
V  [jvm.dll+0x247f1f]
V  [jvm.dll+0xac43c]
V  [jvm.dll+0xaca8c]
V  [jvm.dll+0x367067]
V  [jvm.dll+0x3313ba]
V  [jvm.dll+0x33085a]
V  [jvm.dll+0x21a5b1]
V  [jvm.dll+0x2199d1]
V  [jvm.dll+0x1a57cd]
V  [jvm.dll+0x2297ae]
V  [jvm.dll+0x22797c]
V  [jvm.dll+0x7e9877]
V  [jvm.dll+0x7e3c3a]
V  [jvm.dll+0x67be35]
C  [ucrtbase.dll+0x37b0]
C  [KERNEL32.DLL+0x2e8d7]
C  [ntdll.dll+0xb14fc]


---------------  P R O C E S S  ---------------

Threads class SMR info:
_java_thread_list=0x000002765a5b5450, length=17, elements={
0x000002765a11bbe0, 0x000002765a11c6b0, 0x000002765a132340, 0x000002765a134c20,
0x000002765a1354f0, 0x000002765a135dc0, 0x000002765a136a70, 0x000002765a137430,
0x000002765a139d50, 0x000002765a39e820, 0x000002765a3a13e0, 0x000002765a5deae0,
0x000002765a5e1a80, 0x000002765a5fff00, 0x00000276a0ab1ec0, 0x00000276a0a990d0,
0x000002763b64c6d0
}

Java Threads: ( => current thread )
  0x000002765a11bbe0 JavaThread "Reference Handler" daemon [_thread_blocked, id=28416, stack(0x000000f604700000,0x000000f604800000)]
  0x000002765a11c6b0 JavaThread "Finalizer" daemon [_thread_blocked, id=24076, stack(0x000000f604800000,0x000000f604900000)]
  0x000002765a132340 JavaThread "Signal Dispatcher" daemon [_thread_blocked, id=27820, stack(0x000000f604900000,0x000000f604a00000)]
  0x000002765a134c20 JavaThread "Attach Listener" daemon [_thread_blocked, id=15552, stack(0x000000f604a00000,0x000000f604b00000)]
  0x000002765a1354f0 JavaThread "Service Thread" daemon [_thread_blocked, id=17024, stack(0x000000f604b00000,0x000000f604c00000)]
  0x000002765a135dc0 JavaThread "Monitor Deflation Thread" daemon [_thread_blocked, id=24620, stack(0x000000f604c00000,0x000000f604d00000)]
=>0x000002765a136a70 JavaThread "C2 CompilerThread0" daemon [_thread_in_native, id=576, stack(0x000000f604d00000,0x000000f604e00000)]
  0x000002765a137430 JavaThread "C1 CompilerThread0" daemon [_thread_blocked, id=25792, stack(0x000000f604e00000,0x000000f604f00000)]
  0x000002765a139d50 JavaThread "Sweeper thread" daemon [_thread_blocked, id=17088, stack(0x000000f604f00000,0x000000f605000000)]
  0x000002765a39e820 JavaThread "Notification Thread" daemon [_thread_blocked, id=8764, stack(0x000000f605000000,0x000000f605100000)]
  0x000002765a3a13e0 JavaThread "Common-Cleaner" daemon [_thread_blocked, id=25988, stack(0x000000f605200000,0x000000f605300000)]
  0x000002765a5deae0 JavaThread "Java2D Disposer" daemon [_thread_blocked, id=26992, stack(0x000000f605300000,0x000000f605400000)]
  0x000002765a5e1a80 JavaThread "AWT-Shutdown" [_thread_blocked, id=27264, stack(0x000000f605400000,0x000000f605500000)]
  0x000002765a5fff00 JavaThread "AWT-Windows" daemon [_thread_in_native, id=26200, stack(0x000000f605500000,0x000000f605600000)]
  0x00000276a0ab1ec0 JavaThread "C2 CompilerThread1" daemon [_thread_in_native, id=23772, stack(0x000000f605700000,0x000000f605800000)]
  0x00000276a0a990d0 JavaThread "AWT-EventQueue-0" [_thread_in_Java, id=25784, stack(0x000000f605800000,0x000000f605900000)]
  0x000002763b64c6d0 JavaThread "DestroyJavaVM" [_thread_blocked, id=28464, stack(0x000000f604000000,0x000000f604100000)]

Other Threads:
  0x000002765a117220 VMThread "VM Thread" [stack: 0x000000f604600000,0x000000f604700000] [id=24084]
  0x000002765a39ef40 WatcherThread [stack: 0x000000f605100000,0x000000f605200000] [id=28552]
  0x000002763b6a7a60 GCTaskThread "GC Thread#0" [stack: 0x000000f604100000,0x000000f604200000] [id=14016]
  0x000002763b6b8200 ConcurrentGCThread "G1 Main Marker" [stack: 0x000000f604200000,0x000000f604300000] [id=28452]
  0x000002763b6b8b30 ConcurrentGCThread "G1 Conc#0" [stack: 0x000000f604300000,0x000000f604400000] [id=26680]
  0x000002763b6fd440 ConcurrentGCThread "G1 Refine#0" [stack: 0x000000f604400000,0x000000f604500000] [id=22536]
  0x000002763b6fec30 ConcurrentGCThread "G1 Service" [stack: 0x000000f604500000,0x000000f604600000] [id=12428]

Threads with active compile tasks:
C2 CompilerThread0     9864 1027       4       sun.swing.SwingUtilities2::getFontCharsWidth (45 bytes)
C2 CompilerThread1     9864 1105       4       javax.swing.text.StyleContext$SmallAttributeSet::getLocalAttribute (49 bytes)

VM state: not at safepoint (normal execution)

VM Mutex/Monitor currently owned by a thread: None

Heap address: 0x0000000083600000, size: 1994 MB, Compressed Oops mode: 32-bit

CDS archive(s) mapped at: [0x000002765b000000-0x000002765bba0000-0x000002765bba0000), size 12189696, SharedBaseAddress: 0x000002765b000000, ArchiveRelocationMode: 1.
Compressed class space mapped at: 0x000002765c000000-0x000002769c000000, reserved size: 1073741824
Narrow klass base: 0x000002765b000000, Narrow klass shift: 0, Narrow klass range: 0x100000000

GC Precious Log:
 CPUs: 8 total, 8 available
 Memory: 7975M
 Large Page Support: Disabled
 NUMA Support: Disabled
 Compressed Oops: Enabled (32-bit)
 Heap Region Size: 1M
 Heap Min Capacity: 8M
 Heap Initial Capacity: 126M
 Heap Max Capacity: 1994M
 Pre-touch: Disabled
 Parallel Workers: 8
 Concurrent Workers: 2
 Concurrent Refinement Workers: 8
 Periodic GC: Disabled

Heap:
 garbage-first heap   total 129024K, used 21504K [0x0000000083600000, 0x0000000100000000)
  region size 1024K, 13 young (13312K), 0 survivors (0K)
 Metaspace       used 8279K, committed 8512K, reserved 1114112K
  class space    used 913K, committed 1024K, reserved 1048576K

Heap Regions: E=young(eden), S=young(survivor), O=old, HS=humongous(starts), HC=humongous(continues), CS=collection set, F=free, OA=open archive, CA=closed archive, TAMS=top-at-mark-start (previous, next)
|   0|0x0000000083600000, 0x0000000083700000, 0x0000000083700000|100%|HS|  |TAMS 0x0000000083600000, 0x0000000083600000| Complete 
|   1|0x0000000083700000, 0x0000000083800000, 0x0000000083800000|100%|HC|  |TAMS 0x0000000083700000, 0x0000000083700000| Complete 
|   2|0x0000000083800000, 0x0000000083900000, 0x0000000083900000|100%|HC|  |TAMS 0x0000000083800000, 0x0000000083800000| Complete 
|   3|0x0000000083900000, 0x0000000083a00000, 0x0000000083a00000|100%|HC|  |TAMS 0x0000000083900000, 0x0000000083900000| Complete 
|   4|0x0000000083a00000, 0x0000000083b00000, 0x0000000083b00000|100%|HC|  |TAMS 0x0000000083a00000, 0x0000000083a00000| Complete 
|   5|0x0000000083b00000, 0x0000000083c00000, 0x0000000083c00000|100%|HS|  |TAMS 0x0000000083b00000, 0x0000000083b00000| Complete 
|   6|0x0000000083c00000, 0x0000000083d00000, 0x0000000083d00000|100%|HC|  |TAMS 0x0000000083c00000, 0x0000000083c00000| Complete 
|   7|0x0000000083d00000, 0x0000000083e00000, 0x0000000083e00000|100%|HC|  |TAMS 0x0000000083d00000, 0x0000000083d00000| Complete 
|   8|0x0000000083e00000, 0x0000000083f00000, 0x0000000083f00000|100%|HC|  |TAMS 0x0000000083e00000, 0x0000000083e00000| Complete 
|   9|0x0000000083f00000, 0x0000000083f00000, 0x0000000084000000|  0%| F|  |TAMS 0x0000000083f00000, 0x0000000083f00000| Untracked 
|  10|0x0000000084000000, 0x0000000084000000, 0x0000000084100000|  0%| F|  |TAMS 0x0000000084000000, 0x0000000084000000| Untracked 
|  11|0x0000000084100000, 0x0000000084100000, 0x0000000084200000|  0%| F|  |TAMS 0x0000000084100000, 0x0000000084100000| Untracked 
|  12|0x0000000084200000, 0x0000000084200000, 0x0000000084300000|  0%| F|  |TAMS 0x0000000084200000, 0x0000000084200000| Untracked 
|  13|0x0000000084300000, 0x0000000084300000, 0x0000000084400000|  0%| F|  |TAMS 0x0000000084300000, 0x0000000084300000| Untracked 
|  14|0x0000000084400000, 0x0000000084400000, 0x0000000084500000|  0%| F|  |TAMS 0x0000000084400000, 0x0000000084400000| Untracked 
|  15|0x0000000084500000, 0x0000000084500000, 0x0000000084600000|  0%| F|  |TAMS 0x0000000084500000, 0x0000000084500000| Untracked 
|  16|0x0000000084600000, 0x0000000084600000, 0x0000000084700000|  0%| F|  |TAMS 0x0000000084600000, 0x0000000084600000| Untracked 
|  17|0x0000000084700000, 0x0000000084700000, 0x0000000084800000|  0%| F|  |TAMS 0x0000000084700000, 0x0000000084700000| Untracked 
|  18|0x0000000084800000, 0x0000000084800000, 0x0000000084900000|  0%| F|  |TAMS 0x0000000084800000, 0x0000000084800000| Untracked 
|  19|0x0000000084900000, 0x0000000084900000, 0x0000000084a00000|  0%| F|  |TAMS 0x0000000084900000, 0x0000000084900000| Untracked 
|  20|0x0000000084a00000, 0x0000000084a00000, 0x0000000084b00000|  0%| F|  |TAMS 0x0000000084a00000, 0x0000000084a00000| Untracked 
|  21|0x0000000084b00000, 0x0000000084b00000, 0x0000000084c00000|  0%| F|  |TAMS 0x0000000084b00000, 0x0000000084b00000| Untracked 
|  22|0x0000000084c00000, 0x0000000084c00000, 0x0000000084d00000|  0%| F|  |TAMS 0x0000000084c00000, 0x0000000084c00000| Untracked 
|  23|0x0000000084d00000, 0x0000000084d00000, 0x0000000084e00000|  0%| F|  |TAMS 0x0000000084d00000, 0x0000000084d00000| Untracked 
|  24|0x0000000084e00000, 0x0000000084e00000, 0x0000000084f00000|  0%| F|  |TAMS 0x0000000084e00000, 0x0000000084e00000| Untracked 
|  25|0x0000000084f00000, 0x0000000084f00000, 0x0000000085000000|  0%| F|  |TAMS 0x0000000084f00000, 0x0000000084f00000| Untracked 
|  26|0x0000000085000000, 0x0000000085000000, 0x0000000085100000|  0%| F|  |TAMS 0x0000000085000000, 0x0000000085000000| Untracked 
|  27|0x0000000085100000, 0x0000000085100000, 0x0000000085200000|  0%| F|  |TAMS 0x0000000085100000, 0x0000000085100000| Untracked 
|  28|0x0000000085200000, 0x0000000085200000, 0x0000000085300000|  0%| F|  |TAMS 0x0000000085200000, 0x0000000085200000| Untracked 
|  29|0x0000000085300000, 0x0000000085300000, 0x0000000085400000|  0%| F|  |TAMS 0x0000000085300000, 0x0000000085300000| Untracked 
|  30|0x0000000085400000, 0x0000000085400000, 0x0000000085500000|  0%| F|  |TAMS 0x0000000085400000, 0x0000000085400000| Untracked 
|  31|0x0000000085500000, 0x0000000085500000, 0x0000000085600000|  0%| F|  |TAMS 0x0000000085500000, 0x0000000085500000| Untracked 
|  32|0x0000000085600000, 0x0000000085600000, 0x0000000085700000|  0%| F|  |TAMS 0x0000000085600000, 0x0000000085600000| Untracked 
|  33|0x0000000085700000, 0x0000000085700000, 0x0000000085800000|  0%| F|  |TAMS 0x0000000085700000, 0x0000000085700000| Untracked 
|  34|0x0000000085800000, 0x0000000085800000, 0x0000000085900000|  0%| F|  |TAMS 0x0000000085800000, 0x0000000085800000| Untracked 
|  35|0x0000000085900000, 0x0000000085900000, 0x0000000085a00000|  0%| F|  |TAMS 0x0000000085900000, 0x0000000085900000| Untracked 
|  36|0x0000000085a00000, 0x0000000085a00000, 0x0000000085b00000|  0%| F|  |TAMS 0x0000000085a00000, 0x0000000085a00000| Untracked 
|  37|0x0000000085b00000, 0x0000000085b00000, 0x0000000085c00000|  0%| F|  |TAMS 0x0000000085b00000, 0x0000000085b00000| Untracked 
|  38|0x0000000085c00000, 0x0000000085c00000, 0x0000000085d00000|  0%| F|  |TAMS 0x0000000085c00000, 0x0000000085c00000| Untracked 
|  39|0x0000000085d00000, 0x0000000085d00000, 0x0000000085e00000|  0%| F|  |TAMS 0x0000000085d00000, 0x0000000085d00000| Untracked 
|  40|0x0000000085e00000, 0x0000000085e00000, 0x0000000085f00000|  0%| F|  |TAMS 0x0000000085e00000, 0x0000000085e00000| Untracked 
|  41|0x0000000085f00000, 0x0000000085f00000, 0x0000000086000000|  0%| F|  |TAMS 0x0000000085f00000, 0x0000000085f00000| Untracked 
|  42|0x0000000086000000, 0x0000000086000000, 0x0000000086100000|  0%| F|  |TAMS 0x0000000086000000, 0x0000000086000000| Untracked 
|  43|0x0000000086100000, 0x0000000086100000, 0x0000000086200000|  0%| F|  |TAMS 0x0000000086100000, 0x0000000086100000| Untracked 
|  44|0x0000000086200000, 0x0000000086200000, 0x0000000086300000|  0%| F|  |TAMS 0x0000000086200000, 0x0000000086200000| Untracked 
|  45|0x0000000086300000, 0x0000000086300000, 0x0000000086400000|  0%| F|  |TAMS 0x0000000086300000, 0x0000000086300000| Untracked 
|  46|0x0000000086400000, 0x0000000086400000, 0x0000000086500000|  0%| F|  |TAMS 0x0000000086400000, 0x0000000086400000| Untracked 
|  47|0x0000000086500000, 0x0000000086500000, 0x0000000086600000|  0%| F|  |TAMS 0x0000000086500000, 0x0000000086500000| Untracked 
|  48|0x0000000086600000, 0x0000000086600000, 0x0000000086700000|  0%| F|  |TAMS 0x0000000086600000, 0x0000000086600000| Untracked 
|  49|0x0000000086700000, 0x0000000086700000, 0x0000000086800000|  0%| F|  |TAMS 0x0000000086700000, 0x0000000086700000| Untracked 
|  50|0x0000000086800000, 0x0000000086800000, 0x0000000086900000|  0%| F|  |TAMS 0x0000000086800000, 0x0000000086800000| Untracked 
|  51|0x0000000086900000, 0x0000000086900000, 0x0000000086a00000|  0%| F|  |TAMS 0x0000000086900000, 0x0000000086900000| Untracked 
|  52|0x0000000086a00000, 0x0000000086a00000, 0x0000000086b00000|  0%| F|  |TAMS 0x0000000086a00000, 0x0000000086a00000| Untracked 
|  53|0x0000000086b00000, 0x0000000086b00000, 0x0000000086c00000|  0%| F|  |TAMS 0x0000000086b00000, 0x0000000086b00000| Untracked 
|  54|0x0000000086c00000, 0x0000000086c00000, 0x0000000086d00000|  0%| F|  |TAMS 0x0000000086c00000, 0x0000000086c00000| Untracked 
|  55|0x0000000086d00000, 0x0000000086d00000, 0x0000000086e00000|  0%| F|  |TAMS 0x0000000086d00000, 0x0000000086d00000| Untracked 
|  56|0x0000000086e00000, 0x0000000086e00000, 0x0000000086f00000|  0%| F|  |TAMS 0x0000000086e00000, 0x0000000086e00000| Untracked 
|  57|0x0000000086f00000, 0x0000000086f00000, 0x0000000087000000|  0%| F|  |TAMS 0x0000000086f00000, 0x0000000086f00000| Untracked 
|  58|0x0000000087000000, 0x0000000087000000, 0x0000000087100000|  0%| F|  |TAMS 0x0000000087000000, 0x0000000087000000| Untracked 
|  59|0x0000000087100000, 0x0000000087100000, 0x0000000087200000|  0%| F|  |TAMS 0x0000000087100000, 0x0000000087100000| Untracked 
|  60|0x0000000087200000, 0x0000000087200000, 0x0000000087300000|  0%| F|  |TAMS 0x0000000087200000, 0x0000000087200000| Untracked 
|  61|0x0000000087300000, 0x0000000087300000, 0x0000000087400000|  0%| F|  |TAMS 0x0000000087300000, 0x0000000087300000| Untracked 
|  62|0x0000000087400000, 0x0000000087400000, 0x0000000087500000|  0%| F|  |TAMS 0x0000000087400000, 0x0000000087400000| Untracked 
|  63|0x0000000087500000, 0x0000000087500000, 0x0000000087600000|  0%| F|  |TAMS 0x0000000087500000, 0x0000000087500000| Untracked 
|  64|0x0000000087600000, 0x0000000087600000, 0x0000000087700000|  0%| F|  |TAMS 0x0000000087600000, 0x0000000087600000| Untracked 
|  65|0x0000000087700000, 0x0000000087700000, 0x0000000087800000|  0%| F|  |TAMS 0x0000000087700000, 0x0000000087700000| Untracked 
|  66|0x0000000087800000, 0x0000000087800000, 0x0000000087900000|  0%| F|  |TAMS 0x0000000087800000, 0x0000000087800000| Untracked 
|  67|0x0000000087900000, 0x0000000087900000, 0x0000000087a00000|  0%| F|  |TAMS 0x0000000087900000, 0x0000000087900000| Untracked 
|  68|0x0000000087a00000, 0x0000000087a00000, 0x0000000087b00000|  0%| F|  |TAMS 0x0000000087a00000, 0x0000000087a00000| Untracked 
|  69|0x0000000087b00000, 0x0000000087b00000, 0x0000000087c00000|  0%| F|  |TAMS 0x0000000087b00000, 0x0000000087b00000| Untracked 
|  70|0x0000000087c00000, 0x0000000087c00000, 0x0000000087d00000|  0%| F|  |TAMS 0x0000000087c00000, 0x0000000087c00000| Untracked 
|  71|0x0000000087d00000, 0x0000000087d00000, 0x0000000087e00000|  0%| F|  |TAMS 0x0000000087d00000, 0x0000000087d00000| Untracked 
|  72|0x0000000087e00000, 0x0000000087e00000, 0x0000000087f00000|  0%| F|  |TAMS 0x0000000087e00000, 0x0000000087e00000| Untracked 
|  73|0x0000000087f00000, 0x0000000087f00000, 0x0000000088000000|  0%| F|  |TAMS 0x0000000087f00000, 0x0000000087f00000| Untracked 
|  74|0x0000000088000000, 0x0000000088000000, 0x0000000088100000|  0%| F|  |TAMS 0x0000000088000000, 0x0000000088000000| Untracked 
|  75|0x0000000088100000, 0x0000000088100000, 0x0000000088200000|  0%| F|  |TAMS 0x0000000088100000, 0x0000000088100000| Untracked 
|  76|0x0000000088200000, 0x0000000088200000, 0x0000000088300000|  0%| F|  |TAMS 0x0000000088200000, 0x0000000088200000| Untracked 
|  77|0x0000000088300000, 0x0000000088300000, 0x0000000088400000|  0%| F|  |TAMS 0x0000000088300000, 0x0000000088300000| Untracked 
|  78|0x0000000088400000, 0x0000000088400000, 0x0000000088500000|  0%| F|  |TAMS 0x0000000088400000, 0x0000000088400000| Untracked 
|  79|0x0000000088500000, 0x0000000088500000, 0x0000000088600000|  0%| F|  |TAMS 0x0000000088500000, 0x0000000088500000| Untracked 
|  80|0x0000000088600000, 0x0000000088600000, 0x0000000088700000|  0%| F|  |TAMS 0x0000000088600000, 0x0000000088600000| Untracked 
|  81|0x0000000088700000, 0x0000000088700000, 0x0000000088800000|  0%| F|  |TAMS 0x0000000088700000, 0x0000000088700000| Untracked 
|  82|0x0000000088800000, 0x0000000088800000, 0x0000000088900000|  0%| F|  |TAMS 0x0000000088800000, 0x0000000088800000| Untracked 
|  83|0x0000000088900000, 0x0000000088900000, 0x0000000088a00000|  0%| F|  |TAMS 0x0000000088900000, 0x0000000088900000| Untracked 
|  84|0x0000000088a00000, 0x0000000088a00000, 0x0000000088b00000|  0%| F|  |TAMS 0x0000000088a00000, 0x0000000088a00000| Untracked 
|  85|0x0000000088b00000, 0x0000000088b00000, 0x0000000088c00000|  0%| F|  |TAMS 0x0000000088b00000, 0x0000000088b00000| Untracked 
|  86|0x0000000088c00000, 0x0000000088c00000, 0x0000000088d00000|  0%| F|  |TAMS 0x0000000088c00000, 0x0000000088c00000| Untracked 
|  87|0x0000000088d00000, 0x0000000088d00000, 0x0000000088e00000|  0%| F|  |TAMS 0x0000000088d00000, 0x0000000088d00000| Untracked 
|  88|0x0000000088e00000, 0x0000000088e00000, 0x0000000088f00000|  0%| F|  |TAMS 0x0000000088e00000, 0x0000000088e00000| Untracked 
|  89|0x0000000088f00000, 0x0000000088f00000, 0x0000000089000000|  0%| F|  |TAMS 0x0000000088f00000, 0x0000000088f00000| Untracked 
|  90|0x0000000089000000, 0x0000000089000000, 0x0000000089100000|  0%| F|  |TAMS 0x0000000089000000, 0x0000000089000000| Untracked 
|  91|0x0000000089100000, 0x0000000089100000, 0x0000000089200000|  0%| F|  |TAMS 0x0000000089100000, 0x0000000089100000| Untracked 
|  92|0x0000000089200000, 0x0000000089200000, 0x0000000089300000|  0%| F|  |TAMS 0x0000000089200000, 0x0000000089200000| Untracked 
|  93|0x0000000089300000, 0x0000000089300000, 0x0000000089400000|  0%| F|  |TAMS 0x0000000089300000, 0x0000000089300000| Untracked 
|  94|0x0000000089400000, 0x0000000089400000, 0x0000000089500000|  0%| F|  |TAMS 0x0000000089400000, 0x0000000089400000| Untracked 
|  95|0x0000000089500000, 0x0000000089500000, 0x0000000089600000|  0%| F|  |TAMS 0x0000000089500000, 0x0000000089500000| Untracked 
|  96|0x0000000089600000, 0x0000000089600000, 0x0000000089700000|  0%| F|  |TAMS 0x0000000089600000, 0x0000000089600000| Untracked 
|  97|0x0000000089700000, 0x0000000089700000, 0x0000000089800000|  0%| F|  |TAMS 0x0000000089700000, 0x0000000089700000| Untracked 
|  98|0x0000000089800000, 0x0000000089800000, 0x0000000089900000|  0%| F|  |TAMS 0x0000000089800000, 0x0000000089800000| Untracked 
|  99|0x0000000089900000, 0x0000000089900000, 0x0000000089a00000|  0%| F|  |TAMS 0x0000000089900000, 0x0000000089900000| Untracked 
| 100|0x0000000089a00000, 0x0000000089a00000, 0x0000000089b00000|  0%| F|  |TAMS 0x0000000089a00000, 0x0000000089a00000| Untracked 
| 101|0x0000000089b00000, 0x0000000089b00000, 0x0000000089c00000|  0%| F|  |TAMS 0x0000000089b00000, 0x0000000089b00000| Untracked 
| 102|0x0000000089c00000, 0x0000000089c00000, 0x0000000089d00000|  0%| F|  |TAMS 0x0000000089c00000, 0x0000000089c00000| Untracked 
| 103|0x0000000089d00000, 0x0000000089d00000, 0x0000000089e00000|  0%| F|  |TAMS 0x0000000089d00000, 0x0000000089d00000| Untracked 
| 104|0x0000000089e00000, 0x0000000089e00000, 0x0000000089f00000|  0%| F|  |TAMS 0x0000000089e00000, 0x0000000089e00000| Untracked 
| 105|0x0000000089f00000, 0x0000000089f00000, 0x000000008a000000|  0%| F|  |TAMS 0x0000000089f00000, 0x0000000089f00000| Untracked 
| 106|0x000000008a000000, 0x000000008a000000, 0x000000008a100000|  0%| F|  |TAMS 0x000000008a000000, 0x000000008a000000| Untracked 
| 107|0x000000008a100000, 0x000000008a100000, 0x000000008a200000|  0%| F|  |TAMS 0x000000008a100000, 0x000000008a100000| Untracked 
| 108|0x000000008a200000, 0x000000008a200000, 0x000000008a300000|  0%| F|  |TAMS 0x000000008a200000, 0x000000008a200000| Untracked 
| 109|0x000000008a300000, 0x000000008a300000, 0x000000008a400000|  0%| F|  |TAMS 0x000000008a300000, 0x000000008a300000| Untracked 
| 110|0x000000008a400000, 0x000000008a400000, 0x000000008a500000|  0%| F|  |TAMS 0x000000008a400000, 0x000000008a400000| Untracked 
| 111|0x000000008a500000, 0x000000008a500000, 0x000000008a600000|  0%| F|  |TAMS 0x000000008a500000, 0x000000008a500000| Untracked 
| 112|0x000000008a600000, 0x000000008a600000, 0x000000008a700000|  0%| F|  |TAMS 0x000000008a600000, 0x000000008a600000| Untracked 
| 113|0x000000008a700000, 0x000000008a776448, 0x000000008a800000| 46%| E|  |TAMS 0x000000008a700000, 0x000000008a700000| Complete 
| 114|0x000000008a800000, 0x000000008a900000, 0x000000008a900000|100%| E|CS|TAMS 0x000000008a800000, 0x000000008a800000| Complete 
| 115|0x000000008a900000, 0x000000008aa00000, 0x000000008aa00000|100%| E|CS|TAMS 0x000000008a900000, 0x000000008a900000| Complete 
| 116|0x000000008aa00000, 0x000000008ab00000, 0x000000008ab00000|100%| E|CS|TAMS 0x000000008aa00000, 0x000000008aa00000| Complete 
| 117|0x000000008ab00000, 0x000000008ac00000, 0x000000008ac00000|100%| E|CS|TAMS 0x000000008ab00000, 0x000000008ab00000| Complete 
| 118|0x000000008ac00000, 0x000000008ad00000, 0x000000008ad00000|100%| E|CS|TAMS 0x000000008ac00000, 0x000000008ac00000| Complete 
| 119|0x000000008ad00000, 0x000000008ae00000, 0x000000008ae00000|100%| E|CS|TAMS 0x000000008ad00000, 0x000000008ad00000| Complete 
| 120|0x000000008ae00000, 0x000000008af00000, 0x000000008af00000|100%| E|CS|TAMS 0x000000008ae00000, 0x000000008ae00000| Complete 
| 121|0x000000008af00000, 0x000000008b000000, 0x000000008b000000|100%| E|CS|TAMS 0x000000008af00000, 0x000000008af00000| Complete 
| 122|0x000000008b000000, 0x000000008b100000, 0x000000008b100000|100%| E|CS|TAMS 0x000000008b000000, 0x000000008b000000| Complete 
| 123|0x000000008b100000, 0x000000008b200000, 0x000000008b200000|100%| E|CS|TAMS 0x000000008b100000, 0x000000008b100000| Complete 
| 124|0x000000008b200000, 0x000000008b300000, 0x000000008b300000|100%| E|CS|TAMS 0x000000008b200000, 0x000000008b200000| Complete 
| 125|0x000000008b300000, 0x000000008b400000, 0x000000008b400000|100%| E|CS|TAMS 0x000000008b300000, 0x000000008b300000| Complete 

Card table byte_map: [0x0000027653030000,0x0000027653420000] _byte_map_base: 0x0000027652c15000

Marking Bits (Prev, Next): (CMBitMap*) 0x000002763b6a7f90, (CMBitMap*) 0x000002763b6a7fd0
 Prev Bits: [0x0000027653810000, 0x0000027655738000)
 Next Bits: [0x0000027655740000, 0x0000027657668000)

Polling page: 0x000002763b700000

Metaspace:

Usage:
  Non-class:      7.20 MB used.
      Class:    913.37 KB used.
       Both:      8.09 MB used.

Virtual space:
  Non-class space:       64.00 MB reserved,       7.31 MB ( 11%) committed,  1 nodes.
      Class space:        1.00 GB reserved,       1.00 MB ( <1%) committed,  1 nodes.
             Both:        1.06 GB reserved,       8.31 MB ( <1%) committed. 

Chunk freelists:
   Non-Class:  8.48 MB
       Class:  15.04 MB
        Both:  23.52 MB

MaxMetaspaceSize: unlimited
CompressedClassSpaceSize: 1.00 GB
Initial GC threshold: 21.00 MB
Current GC threshold: 21.00 MB
CDS: on
MetaspaceReclaimPolicy: balanced
 - commit_granule_bytes: 65536.
 - commit_granule_words: 8192.
 - virtual_space_node_default_size: 8388608.
 - enlarge_chunks_in_place: 1.
 - new_chunks_are_fully_committed: 0.
 - uncommit_free_chunks: 1.
 - use_allocation_guard: 0.
 - handle_deallocations: 1.


Internal statistics:

num_allocs_failed_limit: 0.
num_arena_births: 148.
num_arena_deaths: 0.
num_vsnodes_births: 2.
num_vsnodes_deaths: 0.
num_space_committed: 133.
num_space_uncommitted: 0.
num_chunks_returned_to_freelist: 0.
num_chunks_taken_from_freelist: 210.
num_chunk_merges: 0.
num_chunk_splits: 117.
num_chunks_enlarged: 32.
num_inconsistent_stats: 0.

CodeHeap 'non-profiled nmethods': size=120000Kb used=368Kb max_used=368Kb free=119631Kb
 bounds [0x000002764aca0000, 0x000002764af10000, 0x00000276521d0000]
CodeHeap 'profiled nmethods': size=120000Kb used=1826Kb max_used=1826Kb free=118173Kb
 bounds [0x00000276431d0000, 0x0000027643440000, 0x000002764a700000]
CodeHeap 'non-nmethods': size=5760Kb used=1279Kb max_used=1293Kb free=4480Kb
 bounds [0x000002764a700000, 0x000002764a970000, 0x000002764aca0000]
 total_blobs=1706 nmethods=1111 adapters=508
 compilation: enabled
              stopped_count=0, restarted_count=0
 full_count=0

Compilation events (20 events):
Event: 1.728 Thread 0x000002765a137430 nmethod 1083 0x000002764338f610 code [0x000002764338f7a0, 0x000002764338f8b8]
Event: 1.730 Thread 0x000002765a137430 1085       3       jdk.internal.logger.LazyLoggers$LazyLoggerWrapper::platformProxy (10 bytes)
Event: 1.730 Thread 0x000002765a137430 nmethod 1085 0x000002764338f990 code [0x000002764338fb40, 0x000002764338fcc8]
Event: 1.730 Thread 0x000002765a137430 1086   !   3       jdk.internal.logger.LazyLoggers$LazyLoggerAccessor::platform (103 bytes)
Event: 1.731 Thread 0x000002765a137430 nmethod 1086 0x000002764338fe10 code [0x0000027643390060, 0x0000027643390d48]
Event: 1.731 Thread 0x000002765a137430 1087       3       jdk.internal.logger.SimpleConsoleLogger::isLoggable (29 bytes)
Event: 1.731 Thread 0x000002765a137430 nmethod 1087 0x0000027643391090 code [0x0000027643391240, 0x0000027643391588]
Event: 1.731 Thread 0x000002765a137430 1088       3       jdk.internal.logger.SimpleConsoleLogger::effectiveLevel (17 bytes)
Event: 1.731 Thread 0x000002765a137430 nmethod 1088 0x0000027643391690 code [0x0000027643391840, 0x0000027643391a68]
Event: 1.731 Thread 0x000002765a137430 1084       3       java.lang.Enum::<init> (15 bytes)
Event: 1.732 Thread 0x000002765a137430 nmethod 1084 0x0000027643391b10 code [0x0000027643391ca0, 0x0000027643391e58]
Event: 1.743 Thread 0x00000276a0ad1470 nmethod 1000 0x000002764acee010 code [0x000002764acee420, 0x000002764acf1160]
Event: 1.746 Thread 0x00000276a0ad1470 1044       4       java.lang.Object::<init> (1 bytes)
Event: 1.747 Thread 0x00000276a0ad1470 nmethod 1044 0x000002764acf2810 code [0x000002764acf2980, 0x000002764acf2a38]
Event: 1.747 Thread 0x00000276a0ad1470 1030       4       java.awt.Font::getStringBounds (231 bytes)
Event: 1.754 Thread 0x00000276a0ad1470 nmethod 1030 0x000002764acf2b10 code [0x000002764acf2d00, 0x000002764acf3210]
Event: 1.754 Thread 0x00000276a0ad1470 1029       4       javax.swing.text.CompositeView::getView (7 bytes)
Event: 1.754 Thread 0x00000276a0ad1470 nmethod 1029 0x000002764acf3690 code [0x000002764acf3800, 0x000002764acf38b8]
Event: 1.755 Thread 0x00000276a0ad1470 1079       4       java.nio.DirectByteBuffer::ix (10 bytes)
Event: 1.755 Thread 0x00000276a0ad1470 nmethod 1079 0x000002764acf3990 code [0x000002764acf3b00, 0x000002764acf3b78]

GC Heap History (0 events):
No events

Dll operation events (9 events):
Event: 0.010 Loaded shared library C:\Users\Ananya Thakur\AppData\Local\Programs\Eclipse Adoptium\jdk-17.0.9.9-hotspot\bin\java.dll
Event: 0.134 Loaded shared library C:\Users\Ananya Thakur\AppData\Local\Programs\Eclipse Adoptium\jdk-17.0.9.9-hotspot\bin\jsvml.dll
Event: 0.173 Loaded shared library C:\Users\Ananya Thakur\AppData\Local\Programs\Eclipse Adoptium\jdk-17.0.9.9-hotspot\bin\jimage.dll
Event: 0.189 Loaded shared library C:\Users\Ananya Thakur\AppData\Local\Programs\Eclipse Adoptium\jdk-17.0.9.9-hotspot\bin\awt.dll
Event: 0.318 Loaded shared library C:\Users\Ananya Thakur\AppData\Local\Programs\Eclipse Adoptium\jdk-17.0.9.9-hotspot\bin\zip.dll
Event: 0.508 Loaded shared library C:\Users\Ananya Thakur\AppData\Local\Programs\Eclipse Adoptium\jdk-17.0.9.9-hotspot\bin\freetype.dll
Event: 0.510 Loaded shared library C:\Users\Ananya Thakur\AppData\Local\Programs\Eclipse Adoptium\jdk-17.0.9.9-hotspot\bin\fontmanager.dll
Event: 0.537 Loaded shared library C:\Users\Ananya Thakur\AppData\Local\Programs\Eclipse Adoptium\jdk-17.0.9.9-hotspot\bin\net.dll
Event: 0.539 Loaded shared library C:\Users\Ananya Thakur\AppData\Local\Programs\Eclipse Adoptium\jdk-17.0.9.9-hotspot\bin\nio.dll

Deoptimization events (20 events):
Event: 0.650 Thread 0x000002763b64c6d0 DEOPT PACKING pc=0x000002764acdbe08 sp=0x000000f6040fe530
Event: 0.650 Thread 0x000002763b64c6d0 DEOPT UNPACKING pc=0x000002764a75a1a3 sp=0x000000f6040fe450 mode 2
Event: 0.650 Thread 0x000002763b64c6d0 Uncommon trap: trap_request=0xffffffde fr.pc=0x000002764ace3d48 relative=0x0000000000000288
Event: 0.650 Thread 0x000002763b64c6d0 Uncommon trap: reason=class_check action=maybe_recompile pc=0x000002764ace3d48 method=java.util.HashMap.getNode(Ljava/lang/Object;)Ljava/util/HashMap$Node; @ 63 c2
Event: 0.650 Thread 0x000002763b64c6d0 DEOPT PACKING pc=0x000002764ace3d48 sp=0x000000f6040fe430
Event: 0.650 Thread 0x000002763b64c6d0 DEOPT UNPACKING pc=0x000002764a75a1a3 sp=0x000000f6040fe398 mode 2
Event: 0.653 Thread 0x000002763b64c6d0 Uncommon trap: trap_request=0xffffffde fr.pc=0x000002764ace3d48 relative=0x0000000000000288
Event: 0.653 Thread 0x000002763b64c6d0 Uncommon trap: reason=class_check action=maybe_recompile pc=0x000002764ace3d48 method=java.util.HashMap.getNode(Ljava/lang/Object;)Ljava/util/HashMap$Node; @ 63 c2
Event: 0.653 Thread 0x000002763b64c6d0 DEOPT PACKING pc=0x000002764ace3d48 sp=0x000000f6040fe3e0
Event: 0.653 Thread 0x000002763b64c6d0 DEOPT UNPACKING pc=0x000002764a75a1a3 sp=0x000000f6040fe348 mode 2
Event: 0.653 Thread 0x000002763b64c6d0 Uncommon trap: trap_request=0xffffffde fr.pc=0x000002764ace3d48 relative=0x0000000000000288
Event: 0.653 Thread 0x000002763b64c6d0 Uncommon trap: reason=class_check action=maybe_recompile pc=0x000002764ace3d48 method=java.util.HashMap.getNode(Ljava/lang/Object;)Ljava/util/HashMap$Node; @ 63 c2
Event: 0.653 Thread 0x000002763b64c6d0 DEOPT PACKING pc=0x000002764ace3d48 sp=0x000000f6040fe430
Event: 0.653 Thread 0x000002763b64c6d0 DEOPT UNPACKING pc=0x000002764a75a1a3 sp=0x000000f6040fe398 mode 2
Event: 0.671 Thread 0x000002765a669830 Uncommon trap: trap_request=0xffffff45 fr.pc=0x000002764acc9090 relative=0x0000000000000870
Event: 0.671 Thread 0x000002765a669830 Uncommon trap: reason=unstable_if action=reinterpret pc=0x000002764acc9090 method=sun.awt.image.PNGImageDecoder.filterRow([B[BIII)V @ 4 c2
Event: 0.671 Thread 0x000002765a669830 DEOPT PACKING pc=0x000002764acc9090 sp=0x000000f6056fee30
Event: 0.671 Thread 0x000002765a669830 DEOPT UNPACKING pc=0x000002764a75a1a3 sp=0x000000f6056fed68 mode 2
Event: 0.684 Thread 0x000002765a5fff00 DEOPT PACKING pc=0x00000276433749e2 sp=0x000000f6055fd7a0
Event: 0.684 Thread 0x000002765a5fff00 DEOPT UNPACKING pc=0x000002764a75ace3 sp=0x000000f6055fcc38 mode 3

Classes unloaded (0 events):
No events

Classes redefined (0 events):
No events

Internal exceptions (13 events):
Event: 0.181 Thread 0x000002763b64c6d0 Exception <a 'java/lang/ClassNotFoundException'{0x000000008b246190}: sun/awt/resources/spi/awtProvider> (0x000000008b246190) 
thrown [s\src\hotspot\share\classfile\systemDictionary.cpp, line 256]
Event: 0.199 Thread 0x000002763b64c6d0 Exception <a 'java/io/FileNotFoundException'{0x000000008b29e410}> (0x000000008b29e410) 
thrown [s\src\hotspot\share\prims\jni.cpp, line 516]
Event: 0.206 Thread 0x000002763b64c6d0 Exception <a 'java/io/FileNotFoundException'{0x000000008b2cb3f8}> (0x000000008b2cb3f8) 
thrown [s\src\hotspot\share\prims\jni.cpp, line 516]
Event: 0.241 Thread 0x000002763b64c6d0 Exception <a 'java/lang/NoSuchMethodError'{0x000000008b115fd8}: 'java.lang.Object java.lang.invoke.DirectMethodHandle$Holder.invokeStaticInit(java.lang.Object)'> (0x000000008b115fd8) 
thrown [s\src\hotspot\share\interpreter\linkResolver.cpp, line 759]
Event: 0.275 Thread 0x000002763b64c6d0 Exception <a 'java/lang/NoSuchMethodError'{0x000000008b160010}: 'void java.lang.invoke.DirectMethodHandle$Holder.invokeSpecial(java.lang.Object, java.lang.Object, java.lang.Object)'> (0x000000008b160010) 
thrown [s\src\hotspot\share\interpreter\linkResolver.cpp, line 759]
Event: 0.281 Thread 0x000002763b64c6d0 Exception <a 'java/lang/NoSuchMethodError'{0x000000008b000308}: 'java.lang.Object java.lang.invoke.DirectMethodHandle$Holder.newInvokeSpecial(java.lang.Object, java.lang.Object, java.lang.Object, java.lang.Object, java.lang.Object)'> (0x000000008b000308) 
thrown [s\src\hotspot\share\interpreter\linkResolver.cpp, line 759]
Event: 0.282 Thread 0x000002763b64c6d0 Exception <a 'java/lang/NoSuchMethodError'{0x000000008b00c008}: 'java.lang.Object java.lang.invoke.DirectMethodHandle$Holder.invokeStatic(java.lang.Object, int, java.lang.Object, java.lang.Object, java.lang.Object, java.lang.Object)'> (0x000000008b00c008) 
thrown [s\src\hotspot\share\interpreter\linkResolver.cpp, line 759]
Event: 0.286 Thread 0x000002763b64c6d0 Exception <a 'java/lang/NoSuchMethodError'{0x000000008b0317c8}: 'java.lang.Object java.lang.invoke.DirectMethodHandle$Holder.invokeStatic(java.lang.Object, int, java.lang.Object)'> (0x000000008b0317c8) 
thrown [s\src\hotspot\share\interpreter\linkResolver.cpp, line 759]
Event: 0.305 Thread 0x000002763b64c6d0 Exception <a 'java/lang/ClassNotFoundException'{0x000000008b0e91d8}: com/sun/swing/internal/plaf/metal/resources/spi/metalProvider> (0x000000008b0e91d8) 
thrown [s\src\hotspot\share\classfile\systemDictionary.cpp, line 256]
Event: 0.305 Thread 0x000002763b64c6d0 Exception <a 'java/lang/ClassNotFoundException'{0x000000008b0ed2b8}: com/sun/swing/internal/plaf/basic/resources/spi/basicProvider> (0x000000008b0ed2b8) 
thrown [s\src\hotspot\share\classfile\systemDictionary.cpp, line 256]
Event: 0.321 Thread 0x000002765a669830 Exception <a 'java/lang/NoSuchMethodError'{0x000000008af9fd58}: 'java.lang.Object java.lang.invoke.DirectMethodHandle$Holder.newInvokeSpecial(java.lang.Object, java.lang.Object, java.lang.Object, int, int, int, int, int)'> (0x000000008af9fd58) 
thrown [s\src\hotspot\share\interpreter\linkResolver.cpp, line 759]
Event: 0.685 Thread 0x000002765a5fff00 Exception <a 'java/lang/NoSuchMethodError'{0x000000008b185d60}: 'void java.lang.invoke.DirectMethodHandle$Holder.invokeVirtual(java.lang.Object, java.lang.Object)'> (0x000000008b185d60) 
thrown [s\src\hotspot\share\interpreter\linkResolver.cpp, line 759]
Event: 0.696 Thread 0x000002763b64c6d0 Exception <a 'java/lang/NoSuchMethodError'{0x000000008a84db20}: 'void java.lang.invoke.DirectMethodHandle$Holder.invokeStaticInit(java.lang.Object)'> (0x000000008a84db20) 
thrown [s\src\hotspot\share\interpreter\linkResolver.cpp, line 759]

VM Operations (14 events):
Event: 0.304 Executing VM operation: HandshakeAllThreads
Event: 0.304 Executing VM operation: HandshakeAllThreads done
Event: 0.419 Executing VM operation: HandshakeAllThreads
Event: 0.419 Executing VM operation: HandshakeAllThreads done
Event: 0.529 Executing VM operation: HandshakeAllThreads
Event: 0.529 Executing VM operation: HandshakeAllThreads done
Event: 0.675 Executing VM operation: HandshakeAllThreads
Event: 0.675 Executing VM operation: HandshakeAllThreads done
Event: 0.689 Executing VM operation: HandshakeAllThreads
Event: 0.689 Executing VM operation: HandshakeAllThreads done
Event: 1.689 Executing VM operation: Cleanup
Event: 1.689 Executing VM operation: Cleanup done
Event: 2.703 Executing VM operation: Cleanup
Event: 2.703 Executing VM operation: Cleanup done

Events (20 events):
Event: 1.725 loading class java/awt/peer/LightweightPeer
Event: 1.725 loading class java/awt/peer/LightweightPeer done
Event: 1.726 loading class sun/awt/LightweightPeerHolder
Event: 1.726 loading class sun/awt/LightweightPeerHolder done
Event: 1.726 loading class sun/awt/NullComponentPeer
Event: 1.726 loading class sun/awt/NullComponentPeer done
Event: 1.728 loading class java/awt/SplashScreen
Event: 1.729 loading class java/awt/SplashScreen done
Event: 1.729 loading class java/awt/Dialog
Event: 1.729 loading class sun/awt/dnd/SunDropTargetEvent
Event: 1.729 loading class sun/awt/dnd/SunDropTargetEvent done
Event: 1.729 loading class java/awt/event/FocusEvent
Event: 1.729 loading class java/awt/event/FocusEvent done
Event: 1.729 loading class java/awt/Dialog done
Event: 1.730 loading class java/awt/Dialog$ModalityType
Event: 1.730 loading class java/awt/Dialog$ModalityType done
Event: 1.735 loading class sun/awt/TimedWindowEvent
Event: 1.736 loading class sun/awt/TimedWindowEvent done
Event: 5.775 loading class sun/awt/windows/WGlobalCursorManager
Event: 5.778 loading class sun/awt/event/IgnorePaintEvent


Dynamic libraries:
0x00007ff7494b0000 - 0x00007ff7494be000 	C:\Users\Ananya Thakur\AppData\Local\Programs\Eclipse Adoptium\jdk-17.0.9.9-hotspot\bin\java.exe
0x00007ffe9e020000 - 0x00007ffe9e280000 	C:\WINDOWS\SYSTEM32\ntdll.dll
0x00007ffe9ce20000 - 0x00007ffe9cee7000 	C:\WINDOWS\System32\KERNEL32.DLL
0x00007ffe9b6b0000 - 0x00007ffe9ba7a000 	C:\WINDOWS\System32\KERNELBASE.dll
0x00007ffe9b2c0000 - 0x00007ffe9b40b000 	C:\WINDOWS\System32\ucrtbase.dll
0x00007ffe60c90000 - 0x00007ffe60ca7000 	C:\Users\Ananya Thakur\AppData\Local\Programs\Eclipse Adoptium\jdk-17.0.9.9-hotspot\bin\jli.dll
0x00007ffe03480000 - 0x00007ffe0349b000 	C:\Users\Ananya Thakur\AppData\Local\Programs\Eclipse Adoptium\jdk-17.0.9.9-hotspot\bin\VCRUNTIME140.dll
0x00007ffe9cc50000 - 0x00007ffe9ce1c000 	C:\WINDOWS\System32\USER32.dll
0x00007ffe83da0000 - 0x00007ffe84037000 	C:\WINDOWS\WinSxS\amd64_microsoft.windows.common-controls_6595b64144ccf1df_6.0.26100.3624_none_3e086962e3345f24\COMCTL32.dll
0x00007ffe9ba80000 - 0x00007ffe9baa7000 	C:\WINDOWS\System32\win32u.dll
0x00007ffe9cb70000 - 0x00007ffe9cb9a000 	C:\WINDOWS\System32\GDI32.dll
0x00007ffe9bf00000 - 0x00007ffe9bfa9000 	C:\WINDOWS\System32\msvcrt.dll
0x00007ffe9bce0000 - 0x00007ffe9be11000 	C:\WINDOWS\System32\gdi32full.dll
0x00007ffe9bab0000 - 0x00007ffe9bb53000 	C:\WINDOWS\System32\msvcp_win.dll
0x00007ffe9dd70000 - 0x00007ffe9dd9f000 	C:\WINDOWS\System32\IMM32.DLL
0x00007ffe19c50000 - 0x00007ffe19c5c000 	C:\Users\Ananya Thakur\AppData\Local\Programs\Eclipse Adoptium\jdk-17.0.9.9-hotspot\bin\vcruntime140_1.dll
0x00007ffe5e640000 - 0x00007ffe5e6cd000 	C:\Users\Ananya Thakur\AppData\Local\Programs\Eclipse Adoptium\jdk-17.0.9.9-hotspot\bin\msvcp140.dll
0x00007ffe024f0000 - 0x00007ffe03151000 	C:\Users\Ananya Thakur\AppData\Local\Programs\Eclipse Adoptium\jdk-17.0.9.9-hotspot\bin\server\jvm.dll
0x00007ffe9dcb0000 - 0x00007ffe9dd62000 	C:\WINDOWS\System32\ADVAPI32.dll
0x00007ffe9c7d0000 - 0x00007ffe9c876000 	C:\WINDOWS\System32\sechost.dll
0x00007ffe9d940000 - 0x00007ffe9da56000 	C:\WINDOWS\System32\RPCRT4.dll
0x00007ffe80940000 - 0x00007ffe8094a000 	C:\WINDOWS\SYSTEM32\WSOCK32.dll
0x00007ffe92240000 - 0x00007ffe92276000 	C:\WINDOWS\SYSTEM32\WINMM.dll
0x00007ffe9b050000 - 0x00007ffe9b0ae000 	C:\WINDOWS\SYSTEM32\POWRPROF.dll
0x00007ffe89ad0000 - 0x00007ffe89adb000 	C:\WINDOWS\SYSTEM32\VERSION.dll
0x00007ffe9d8b0000 - 0x00007ffe9d924000 	C:\WINDOWS\System32\WS2_32.dll
0x00007ffe9b030000 - 0x00007ffe9b044000 	C:\WINDOWS\SYSTEM32\UMPDC.dll
0x00007ffe9a010000 - 0x00007ffe9a02a000 	C:\WINDOWS\SYSTEM32\kernel.appcore.dll
0x00007ffe14a80000 - 0x00007ffe14a8a000 	C:\Users\Ananya Thakur\AppData\Local\Programs\Eclipse Adoptium\jdk-17.0.9.9-hotspot\bin\jimage.dll
0x00007ffe98530000 - 0x00007ffe98771000 	C:\WINDOWS\SYSTEM32\DBGHELP.DLL
0x00007ffe9c440000 - 0x00007ffe9c7c2000 	C:\WINDOWS\System32\combase.dll
0x00007ffe9be20000 - 0x00007ffe9bef6000 	C:\WINDOWS\System32\OLEAUT32.dll
0x00007ffe7f180000 - 0x00007ffe7f1b9000 	C:\WINDOWS\SYSTEM32\dbgcore.DLL
0x00007ffe9b610000 - 0x00007ffe9b6a9000 	C:\WINDOWS\System32\bcryptPrimitives.dll
0x00007ffe03410000 - 0x00007ffe03435000 	C:\Users\Ananya Thakur\AppData\Local\Programs\Eclipse Adoptium\jdk-17.0.9.9-hotspot\bin\java.dll
0x00007ffe03330000 - 0x00007ffe03407000 	C:\Users\Ananya Thakur\AppData\Local\Programs\Eclipse Adoptium\jdk-17.0.9.9-hotspot\bin\jsvml.dll
0x00007ffe9cef0000 - 0x00007ffe9d619000 	C:\WINDOWS\System32\SHELL32.dll
0x00007ffe9b410000 - 0x00007ffe9b578000 	C:\WINDOWS\System32\wintypes.dll
0x00007ffe98e70000 - 0x00007ffe996c2000 	C:\WINDOWS\SYSTEM32\windows.storage.dll
0x00007ffe9d7c0000 - 0x00007ffe9d8ad000 	C:\WINDOWS\System32\SHCORE.dll
0x00007ffe9c910000 - 0x00007ffe9c974000 	C:\WINDOWS\System32\shlwapi.dll
0x00007ffe9b110000 - 0x00007ffe9b13f000 	C:\WINDOWS\SYSTEM32\profapi.dll
0x00007ffe5e6d0000 - 0x00007ffe5e860000 	C:\Users\Ananya Thakur\AppData\Local\Programs\Eclipse Adoptium\jdk-17.0.9.9-hotspot\bin\awt.dll
0x00007ffe97db0000 - 0x00007ffe97e4c000 	C:\WINDOWS\SYSTEM32\apphelp.dll
0x00007ffe982f0000 - 0x00007ffe98326000 	C:\WINDOWS\system32\DWMAPI.DLL
0x00007ffe97fa0000 - 0x00007ffe9804e000 	C:\WINDOWS\system32\uxtheme.dll
0x00007ffe67530000 - 0x00007ffe6763c000 	C:\WINDOWS\system32\opengl32.dll
0x00007ffe674c0000 - 0x00007ffe674ed000 	C:\WINDOWS\SYSTEM32\GLU32.dll
0x00007ffe982a0000 - 0x00007ffe982e7000 	C:\WINDOWS\SYSTEM32\dxcore.dll
0x00007ffe9daa0000 - 0x00007ffe9dbfd000 	C:\WINDOWS\System32\MSCTF.dll
0x00007ffe9d620000 - 0x00007ffe9d7b6000 	C:\WINDOWS\System32\ole32.dll
0x00007ffe032d0000 - 0x00007ffe032e8000 	C:\Users\Ananya Thakur\AppData\Local\Programs\Eclipse Adoptium\jdk-17.0.9.9-hotspot\bin\zip.dll
0x00007ffe60c00000 - 0x00007ffe60c88000 	C:\Users\Ananya Thakur\AppData\Local\Programs\Eclipse Adoptium\jdk-17.0.9.9-hotspot\bin\freetype.dll
0x00007ffe135d0000 - 0x00007ffe136a3000 	C:\Users\Ananya Thakur\AppData\Local\Programs\Eclipse Adoptium\jdk-17.0.9.9-hotspot\bin\fontmanager.dll
0x00007ffe03310000 - 0x00007ffe03329000 	C:\Users\Ananya Thakur\AppData\Local\Programs\Eclipse Adoptium\jdk-17.0.9.9-hotspot\bin\net.dll
0x00007ffe91c40000 - 0x00007ffe91d5d000 	C:\WINDOWS\SYSTEM32\WINHTTP.dll
0x00007ffe9a530000 - 0x00007ffe9a59a000 	C:\WINDOWS\system32\mswsock.dll
0x00007ffe032f0000 - 0x00007ffe03306000 	C:\Users\Ananya Thakur\AppData\Local\Programs\Eclipse Adoptium\jdk-17.0.9.9-hotspot\bin\nio.dll
0x00007ffe86ad0000 - 0x00007ffe86c19000 	C:\WINDOWS\SYSTEM32\textinputframework.dll

dbghelp: loaded successfully - version: 4.0.5 - missing functions: none
symbol engine: initialized successfully - sym options: 0x614 - pdb path: .;C:\Users\Ananya Thakur\AppData\Local\Programs\Eclipse Adoptium\jdk-17.0.9.9-hotspot\bin;C:\WINDOWS\SYSTEM32;C:\WINDOWS\WinSxS\amd64_microsoft.windows.common-controls_6595b64144ccf1df_6.0.26100.3624_none_3e086962e3345f24;C:\Users\Ananya Thakur\AppData\Local\Programs\Eclipse Adoptium\jdk-17.0.9.9-hotspot\bin\server

VM Arguments:
jvm_args: -XX:+ShowCodeDetailsInExceptionMessages 
java_command: Rules
java_class_path (initial): C:\Users\Ananya Thakur\AppData\Roaming\Code\User\workspaceStorage\c93637884f41539a95fee77274f7d37f\redhat.java\jdt_ws\java_project_f55ffd09\bin
Launcher Type: SUN_STANDARD

[Global flags]
     intx CICompilerCount                          = 4                                         {product} {ergonomic}
     uint ConcGCThreads                            = 2                                         {product} {ergonomic}
     uint G1ConcRefinementThreads                  = 8                                         {product} {ergonomic}
   size_t G1HeapRegionSize                         = 1048576                                   {product} {ergonomic}
    uintx GCDrainStackTargetSize                   = 64                                        {product} {ergonomic}
   size_t InitialHeapSize                          = 132120576                                 {product} {ergonomic}
   size_t MarkStackSize                            = 4194304                                   {product} {ergonomic}
   size_t MaxHeapSize                              = 2090860544                                {product} {ergonomic}
   size_t MaxNewSize                               = 1254096896                                {product} {ergonomic}
   size_t MinHeapDeltaBytes                        = 1048576                                   {product} {ergonomic}
   size_t MinHeapSize                              = 8388608                                   {product} {ergonomic}
    uintx NonNMethodCodeHeapSize                   = 5839372                                {pd product} {ergonomic}
    uintx NonProfiledCodeHeapSize                  = 122909434                              {pd product} {ergonomic}
    uintx ProfiledCodeHeapSize                     = 122909434                              {pd product} {ergonomic}
    uintx ReservedCodeCacheSize                    = 251658240                              {pd product} {ergonomic}
     bool SegmentedCodeCache                       = true                                      {product} {ergonomic}
     bool ShowCodeDetailsInExceptionMessages       = true                                   {manageable} {command line}
   size_t SoftMaxHeapSize                          = 2090860544                             {manageable} {ergonomic}
     bool UseCompressedClassPointers               = true                           {product lp64_product} {ergonomic}
     bool UseCompressedOops                        = true                           {product lp64_product} {ergonomic}
     bool UseG1GC                                  = true                                      {product} {ergonomic}
     bool UseLargePagesIndividualAllocation        = false                                  {pd product} {ergonomic}

Logging:
Log output configuration:
 #0: stdout all=warning uptime,level,tags
 #1: stderr all=off uptime,level,tags

Environment Variables:
JAVA_HOME=C:\Users\Ananya Thakur\AppData\Local\Programs\Eclipse Adoptium\jdk-17.0.9.9-hotspot\
PATH=C:\Program Files\Common Files\Oracle\Java\javapath;C:\WINDOWS\system32;C:\WINDOWS;C:\WINDOWS\System32\Wbem;C:\WINDOWS\System32\WindowsPowerShell\v1.0\;C:\WINDOWS\System32\OpenSSH\;C:\Program Files\MySQL\MySQL Server 8.0\bin;C:\Program Files\Java\jdk1.8.0_202\bin;C:\Program Files\Java\jdk1.8.0_202\bin;C:\Program Files\MySQL\MySQL Shell 8.0\bin\;C:\Users\Ananya Thakur\AppData\Local\Programs\Eclipse Adoptium\jdk-17.0.9.9-hotspot\bin;C:\Users\Ananya Thakur\AppData\Local\Programs\Python\Python312\Scripts\;C:\Users\Ananya Thakur\AppData\Local\Programs\Python\Python312\;C:\Users\Ananya Thakur\AppData\Local\Microsoft\WindowsApps;C:\MinGW\bin;C:\Users\Ananya Thakur\AppData\Local\Programs\Microsoft VS Code\bin
USERNAME=Ananya Thakur
LANG=en_US.UTF-8
OS=Windows_NT
PROCESSOR_IDENTIFIER=Intel64 Family 6 Model 140 Stepping 2, GenuineIntel
TMP=C:\Users\ANANYA~1\AppData\Local\Temp
TEMP=C:\Users\ANANYA~1\AppData\Local\Temp



Periodic native trim disabled


---------------  S Y S T E M  ---------------

OS:
 Windows 11 , 64 bit Build 26100 (10.0.26100.3775)
OS uptime: 0 days 0:56 hours
Hyper-V role detected

CPU: total 8 (initial active 8) (4 cores per cpu, 2 threads per core) family 6 model 140 stepping 2 microcode 0x26, cx8, cmov, fxsr, ht, mmx, 3dnowpref, sse, sse2, sse3, ssse3, sse4.1, sse4.2, popcnt, lzcnt, tsc, tscinvbit, avx, avx2, aes, erms, clmul, bmi1, bmi2, adx, avx512f, avx512dq, avx512cd, avx512bw, avx512vl, sha, fma, vzeroupper, avx512_vpopcntdq, avx512_vpclmulqdq, avx512_vaes, avx512_vnni, clflush, clflushopt, clwb, avx512_vbmi2, avx512_vbmi, hv
Processor Information for processor 0
  Max Mhz: 2496, Current Mhz: 2496, Mhz Limit: 2496
Processor Information for processor 1
  Max Mhz: 2496, Current Mhz: 2496, Mhz Limit: 2496
Processor Information for processor 2
  Max Mhz: 2496, Current Mhz: 2496, Mhz Limit: 2496
Processor Information for processor 3
  Max Mhz: 2496, Current Mhz: 1198, Mhz Limit: 2496
Processor Information for processor 4
  Max Mhz: 2496, Current Mhz: 2496, Mhz Limit: 2496
Processor Information for processor 5
  Max Mhz: 2496, Current Mhz: 1198, Mhz Limit: 2496
Processor Information for processor 6
  Max Mhz: 2496, Current Mhz: 2496, Mhz Limit: 2496
Processor Information for processor 7
  Max Mhz: 2496, Current Mhz: 1198, Mhz Limit: 2496

Memory: 4k page, system-wide physical 7975M (580M free)
TotalPageFile size 27175M (AvailPageFile size 97M)
current process WorkingSet (physical memory assigned to process): 91M, peak: 92M
current process commit charge ("private bytes"): 233M, peak: 240M

vm_info: OpenJDK 64-Bit Server VM (17.0.9+9) for windows-amd64 JRE (17.0.9+9), built on Oct 26 2023 14:01:42 by "admin" with MS VC++ 16.10 / 16.11 (VS2019)

END.
